--------- beginning of main
10-24 17:41:02.812  2922  3493 E ldisplayservice: Invalid resource ID 0x00000000.
10-24 17:41:02.812  2922  3493 D CompensationLayout: createImage, isImagePresent: true, mSourceBitmap: android.graphics.Bitmap@5bc4be5, imageRotation: 0.0, requestAnimation: false
10-24 17:41:02.823  3834  3893 I SleepRollupWorker: WAKE_ACCEPT unlock=2025-10-03T07:21:59+10:00[Australia/Sydney] (no SCREEN_OFF in next 20s)
10-24 17:41:02.826   476  2761 I NearbySharing: Screen is unlocked
10-24 17:41:02.828   476  2761 I NearbySharing: Uwb feature is off.
10-24 17:41:02.828   476  2761 I NearbySharing: Uwb feature is off.
10-24 17:41:02.829   476 19342 I NearbyDiscovery: (REDACTED) FastPairHandler: Received action %s
10-24 17:41:02.833   476 19342 I NearbyDiscovery: FastPairController: onSystemStateChanged: skip due to flag disabled [CONTEXT service_id=265 ]
10-24 17:41:02.838   476  2761 I NearbySharing: NearbySharing Internal event ReceiveVisibilityChange(visibility=1)
10-24 17:41:02.839   476  2761 I NearbySharing: [NS_PROVIDER_API]: startDiscovery called with SendManagerOptions(mode=BACKGROUND, flowId=7489029042066713242, uwbSenderInfo=null, deviceType=1, dataUsage=2, vendorId=0).
10-24 17:41:02.841   476  2761 I NearbySharing: NearbySharing Internal event SendManagerStart(mode=BACKGROUND, useCase=0, sendSurfaceState=0, sendSurfaceStartTimeMillis=-1, useQrCode=false, success=true)
10-24 17:41:02.841   476  2761 I NearbySharing: Scanning has started in the BACKGROUND
10-24 17:41:02.841   476  2761 I NearbySharing: Uwb feature is off.
10-24 17:41:02.842   476  2761 I NearbySharing: Stopping Fast Init advertisement because we're not scanning in the foreground.
10-24 17:41:02.848 27211 27211 D WorkspaceRevealAnim: onAnimationEnd: workspace alpha = 1.0
--------- beginning of system
10-24 17:41:02.849  2641  2675 V WindowManagerShell: Transition animation finished (aborted=false), notifying core (#7418) android.os.BinderProxy@4cbc936@0
10-24 17:41:02.850   476  2761 I NearbySharing: Stopping Fast Init advertisement because we're not scanning in the foreground.
10-24 17:41:02.852  1787  1879 V WindowManager: Finish Transition (#7418): created at 10-24 17:41:02.488 collect-started=0.036ms request-sent=0.22ms started=4.058ms ready=8.535ms sent=28.018ms commit=15.868ms finished=363.693ms
10-24 17:41:02.853  3834  3834 D VRI[MainActivity]: visibilityChanged oldVisibility=true newVisibility=false
10-24 17:41:02.855  2641  2675 V WindowManagerShell: Track 0 became idle
10-24 17:41:02.855  2641  2675 V WindowManagerShell: All active transition animations finished
10-24 17:41:02.857   476  3973 I NearbyMediums: ModuleInitializer handles incoming intent android.intent.action.USER_PRESENT
10-24 17:41:02.859   476  2759 I Nearby  : (REDACTED) Beginning attempt #%d out of %d for %s...
10-24 17:41:02.864   476  2759 I NearbyMediums: BluetoothAdapter's name was not set by Nearby Connections, ignoring call to restore default scan mode.
10-24 17:41:02.864   476   503 I NearbyConnections: Client 36229046 requested discovery to start.
10-24 17:41:02.865   476  2759 I NearbyMediums: BluetoothAdapter's name was not set by Nearby Connections, ignoring call to restore device name
10-24 17:41:02.866   476  2761 I NearbySharing: Start advertising with mode BACKGROUND certificate visibility ALL_CONTACTS data usage preference ONLINE, and bt advertising false with vendorId 0
10-24 17:41:02.866   476  2761 I NearbySharing: Uwb feature is off.
10-24 17:41:02.867   476  2761 I NearbySharing: Updating advertising options: dhtq@87f05ed
10-24 17:41:02.867   476  2761 I NearbySharing: [RECEIVE_PROVIDER] update called.
10-24 17:41:02.867   476  3970 I NearbyConnections: 36229046 0p:com.google.android.gms.nearby.sharing startDiscovery in nc mode.
10-24 17:41:02.872   476  2761 I NearbySharing: Advertising has started with mode BACKGROUND, Bt enabled : false
10-24 17:41:02.873  3834  3834 D WindowOnBackDispatcher: setTopOnBackInvokedCallback (unwrapped): null
10-24 17:41:02.873   476 26848 I Nearby  : (REDACTED) Note nearby client %s for operation %s
10-24 17:41:02.874  1787  2796 D CoreBackPreview: Window{5bac371 u0 com.nick.myrecoverytracker/com.nick.myrecoverytracker.MainActivity}: Setting back callback null
10-24 17:41:02.878   476 26848 I NearbyConnections: Get local endpoint id from the existing localEndpointId:HUEZ (last:null) for client 36229046(0p:com.google.android.gms.nearby.sharing)
10-24 17:41:02.878  3834  3834 D ViewRootImpl: Skipping stats log for color mode
10-24 17:41:02.884  1787  2590 D BackgroundInstallControlService: Package event received: 0
10-24 17:41:02.884 27211 27211 D RecentsView: onTaskRemoved: 15694, not handling task stack changes
10-24 17:41:02.884 27211 27211 D RecentsView: onTaskRemoved: 15694, not handling task stack changes
10-24 17:41:02.887 19330 19330 D BoundBrokerSvc: onBind: Intent { act=com.google.android.gms.dck.service.START dat=chimera-action:/... xflg=0x4 cmp=com.google.android.gms/.chimera.GmsApiService }
10-24 17:41:02.887 19330 19330 D BoundBrokerSvc: Loading bound service for intent: Intent { act=com.google.android.gms.dck.service.START dat=chimera-action:/... xflg=0x4 cmp=com.google.android.gms/.chimera.GmsApiService }
10-24 17:41:02.890   476   476 I RCNIntentOperation: RCN is disabled on this network.
10-24 17:41:02.891   476  2761 I NearbySharing: Starting scanning for Fast Initiation.
10-24 17:41:02.893   476  2761 D BluetoothAdapter: isLeEnabled(): ON
10-24 17:41:02.901  2812 23128 I bt_shim_scanner: system/main/shim/le_scanning_manager.cc:137 RegisterScanner: in shim layer, UUID=be29b3d3-b104-4432-a87b-fcedf7a158e3
10-24 17:41:02.902   476   867 D BluetoothLeScanner: onScannerRegistered() - status=0 scannerId=3 mScannerId=0
10-24 17:41:02.906   476 26848 I NearbyMediums: NFC discovery successfully started.
10-24 17:41:02.906   476 26848 I NearbyMediums: In ScanningCancellationFlag, service-id=NearbySharing has become the first scanner. The flag has been reset.
10-24 17:41:02.907   476  3969 D BluetoothAdapter: isLeEnabled(): ON
10-24 17:41:02.910   476  2761 I NearbySharing: Started scanning for FastInitiation with mode: SCAN_MODE_BALANCED
10-24 17:41:02.910  2812  3320 I bt_shim_scanner: system/main/shim/le_scanning_manager.cc:137 RegisterScanner: in shim layer, UUID=3b5cd751-69e4-4e30-b01b-a167feab1026
10-24 17:41:02.910   476   867 D BluetoothLeScanner: onScannerRegistered() - status=0 scannerId=4 mScannerId=0
10-24 17:41:02.912  2812  3249 I bt_shim_scanner: system/main/shim/le_scanning_manager.cc:238 ScanFilterEnable: in shim layer
10-24 17:41:02.914   476  2761 I NearbySharing: Fast Initiation Scanning has started
10-24 17:41:02.915   476 26848 I NearbyMediums: Started BLE scanning, service-id=NearbySharing, is-extended-advert=true, power-level=2, scan-mode=3
10-24 17:41:02.915   476 26848 I NearbyConnections: Listening to visibility changes for client 36229046
10-24 17:41:02.917  2812  3249 I bt_shim_scanner: system/main/shim/le_scanning_manager.cc:215 ScanFilterAdd: in shim layer
10-24 17:41:02.918   476  2761 I NearbySharing: Dismissing HUN as there's no device nearby.
10-24 17:41:02.918  2812  3249 I bt_shim_scanner: system/main/shim/le_scanning_manager.cc:182 ScanFilterParamSetup: in shim layer, clientIf=3
10-24 17:41:02.918  2812  3249 I bt_shim_scanner: system/main/shim/le_scanning_manager.cc:215 ScanFilterAdd: in shim layer
10-24 17:41:02.918  2812  3249 I bt_shim_scanner: system/main/shim/le_scanning_manager.cc:182 ScanFilterParamSetup: in shim layer, clientIf=3
10-24 17:41:02.918  2812  3249 I bt_shim_scanner: system/main/shim/le_scanning_manager.cc:149 Scan: in shim layer stopped
10-24 17:41:02.919  2812  3249 I bt_shim_scanner: system/main/shim/le_scanning_manager.cc:313 SetScanParameters: in shim layer, scannerId1m=3, scannerIdCoded=0
10-24 17:41:02.919  2812  3249 I bt_shim_scanner: system/main/shim/le_scanning_manager.cc:149 Scan: in shim layer started
10-24 17:41:02.920  2812  3249 I bt_shim_scanner: system/main/shim/le_scanning_manager.cc:238 ScanFilterEnable: in shim layer
10-24 17:41:02.920 19330  3972 I Dck     : (REDACTED) disableDckSupport: %s
10-24 17:41:02.920  2812  3249 I bt_shim_scanner: system/main/shim/le_scanning_manager.cc:215 ScanFilterAdd: in shim layer
10-24 17:41:02.920  2812  3249 I bt_shim_scanner: system/main/shim/le_scanning_manager.cc:182 ScanFilterParamSetup: in shim layer, clientIf=4
10-24 17:41:02.920  2812  3249 I bt_shim_scanner: system/main/shim/le_scanning_manager.cc:215 ScanFilterAdd: in shim layer
10-24 17:41:02.920  2812  3249 I bt_shim_scanner: system/main/shim/le_scanning_manager.cc:182 ScanFilterParamSetup: in shim layer, clientIf=4
10-24 17:41:02.920  2812  3249 I bt_shim_scanner: system/main/shim/le_scanning_manager.cc:215 ScanFilterAdd: in shim layer
10-24 17:41:02.920  2812  3249 I bt_shim_scanner: system/main/shim/le_scanning_manager.cc:182 ScanFilterParamSetup: in shim layer, clientIf=4
10-24 17:41:02.920 19330  3972 I Dck     : [WirelessCapabilitiesFeatures] wccSysProp: 2 [CONTEXT service_id=289 ]
10-24 17:41:02.920 19330  3972 I Dck     : [WirelessCapabilitiesFeatures] wccMendel: 3 [CONTEXT service_id=289 ]
10-24 17:41:02.921 19330  3972 I Dck     : [WirelessCapabilitiesFeatures] deviceWccOverride: false [CONTEXT service_id=289 ]
10-24 17:41:02.921 19330  3972 I Dck     : [WirelessCapabilitiesFeatures] replaceSupportedWccWithWccOverride: true [CONTEXT service_id=289 ]
10-24 17:41:02.921 19330  3972 I Dck     : [WirelessCapabilitiesFeatures] wccOverride: not set [CONTEXT service_id=289 ]
10-24 17:41:02.921 19330  3972 I Dck     : (REDACTED) [WirelessCapabilitiesFeatures] wcc: %s
10-24 17:41:02.921 19330  3972 I Dck     : Dck module condition - isDckModuleEligible: true [CONTEXT service_id=289 ]
10-24 17:41:02.921 19330  3972 I Dck     : (REDACTED) [GatedIntentOperation] Intent propagated: %s
10-24 17:41:02.927   476  2759 I NearbySharing: Loading certificates with visibility ALL_CONTACTS
10-24 17:41:02.928  2812  3194 I bluetooth: system/gd/hci/le_scanning_manager_impl.cc:595 stop_scan: Scanning already stopped, return!
10-24 17:41:02.928  2812  3194 I bluetooth: system/gd/hci/le_address_manager.cc:277 unregister_client: Client unregistered
10-24 17:41:02.928  2812  3194 I bluetooth: system/gd/hci/le_address_manager.cc:262 register_client: Client registered
10-24 17:41:02.930  1787  3177 D BiometricService: canAuthenticate: User=0, Caller=0, Authenticators=32768
10-24 17:41:02.930   476  2759 I NearbySharing: Saving the private certificate to file nearby_sharing_private_certificate_file_for_all_contacts.
10-24 17:41:02.931  1787  3177 D BiometricService/PreAuthInfo: getCanAuthenticateInternal Modality: 1 AuthenticatorStatus: 1
10-24 17:41:02.931  1787  3177 D AuthService: canAuthenticate, userId: 0, callingUserId: 0, authenticators: 32768, result: 0
10-24 17:41:02.932  1787  3177 D BiometricService: canAuthenticate: User=0, Caller=0, Authenticators=32768
10-24 17:41:02.933  1787  3177 D BiometricService/PreAuthInfo: getCanAuthenticateInternal Modality: 1 AuthenticatorStatus: 1
10-24 17:41:02.933  1787  3177 D AuthService: canAuthenticate, userId: 0, callingUserId: 0, authenticators: 32768, result: 0
10-24 17:41:02.933  1382  1382 I bthal.activity: LogActivities: Disable LE Scanning, 0x2042
10-24 17:41:02.934  1382  2167 I bthal.debug_central: Command Complete Event of LE_SET_EXTENDED_SCAN_ENABLE, opcode:2042
10-24 17:41:02.934  1382  2167 I bthal.flowcontrol: HciEventPreProcess: HCI Event 0xe Opcode 0x2042 Length 6 unhandled by LeSetExtentedScanEnableEvent
10-24 17:41:02.935  1382  1382 I bthal.activity: LogActivities: LOW_LATENCY ScanMode
10-24 17:41:02.935  1382  1382 I bthal.activity: LogActivities: Enable LE Scanning, 0x2042
10-24 17:41:02.936  1382  2167 I bthal.debug_central: Command Complete Event of LE_SET_EXTENDED_SCAN_ENABLE, opcode:2042
10-24 17:41:02.936  1382  2167 I bthal.flowcontrol: HciEventPreProcess: HCI Event 0xe Opcode 0x2042 Length 6 unhandled by LeSetExtentedScanEnableEvent
10-24 17:41:02.937 19330  3975 I PersonalSafety: ConnectivityProtectionLockingIntentOperation: cancelled task [CONTEXT service_id=310 ]
10-24 17:41:02.938 19330 20446 I Dck     : (REDACTED) disableDckSupport: %s
10-24 17:41:02.940 19330 20446 I Dck     : [WirelessCapabilitiesFeatures] wccSysProp: 2 [CONTEXT service_id=289 ]
10-24 17:41:02.940 19330 20446 I Dck     : [WirelessCapabilitiesFeatures] wccMendel: 3 [CONTEXT service_id=289 ]
10-24 17:41:02.940  1787  2796 I ActivityManager: Broadcasting: Intent { act=com.nick.myrecoverytracker.ACTION_RUN_NOTIFICATION_ENGAGEMENT_ROLLUP flg=0x11400020 cmp=com.nick.myrecoverytracker/.TriggerReceiver }
10-24 17:41:02.940 19330 20446 I Dck     : [WirelessCapabilitiesFeatures] deviceWccOverride: false [CONTEXT service_id=289 ]
10-24 17:41:02.940 19330 20446 I Dck     : [WirelessCapabilitiesFeatures] replaceSupportedWccWithWccOverride: true [CONTEXT service_id=289 ]
10-24 17:41:02.940 19330 20446 I Dck     : [WirelessCapabilitiesFeatures] wccOverride: not set [CONTEXT service_id=289 ]
10-24 17:41:02.940  1787  2796 I ActivityManager: Enqueued broadcast Intent { act=com.nick.myrecoverytracker.ACTION_RUN_NOTIFICATION_ENGAGEMENT_ROLLUP flg=0x11400020 cmp=com.nick.myrecoverytracker/.TriggerReceiver }: 0
10-24 17:41:02.941  1787  2590 D BackgroundInstallControlService: Package event received: 0
10-24 17:41:02.943 19330 19741 I Dck     : Check and resume all keys that were suspended due to device lost if any [CONTEXT service_id=289 ]
10-24 17:41:02.943 19330 19741 I Dck     : [DckEvents] Handling resume all keys that were suspended due to device lost [CONTEXT service_id=289 ]
10-24 17:41:02.943 19330 20446 I Dck     : (REDACTED) [WirelessCapabilitiesFeatures] wcc: %s
10-24 17:41:02.943 19330 20446 I Dck     : Dck module condition - isDckModuleEligible: true [CONTEXT service_id=289 ]
10-24 17:41:02.945  3834  3834 I TriggerReceiver: onReceive action=com.nick.myrecoverytracker.ACTION_RUN_NOTIFICATION_ENGAGEMENT_ROLLUP
10-24 17:41:02.946  3834  3834 I TriggerReceiver: Enqueued NotificationEngagement (once-NotificationEngagementRollup)
10-24 17:41:02.946  3834  3893 I SleepRollupWorker: SLEEP_ACCEPT at=2025-10-03T01:06:04+10:00[Australia/Sydney] type=SCREEN_OFF (60m quiet)
10-24 17:41:02.948  1787  1879 I ActivityManager: Broadcast completed: result=0
10-24 17:41:02.956  3834  3893 I SleepRollupWorker: Sleep 2025-10-03 -> sleep=01:06:04 wake=07:21:59 hours=6.27 quality=OK
10-24 17:41:02.957   476   476 D BoundBrokerSvc: onRebind: Intent { act=com.google.android.gms.nearby.presence.service.START dat=chimera-action:/... xflg=0x4 cmp=com.google.android.gms/.chimera.PersistentApiServiceNoInstantApps }
10-24 17:41:02.958  2641  2641 D DLObserver: onReceive(); android.intent.action.BATTERY_CHANGED
10-24 17:41:02.958  2641  2641 D DLObserver: plugged=2
10-24 17:41:02.959  2641  2641 D SystemEventDataSource: onReceive: intentAction
10-24 17:41:02.959  2641  2641 D PowerNotificationWarningsGoogleImpl: onReceive: android.intent.action.BATTERY_CHANGED
10-24 17:41:02.959  2641  2641 D PulsarController: dispatchIntent: android.intent.action.BATTERY_CHANGED
10-24 17:41:02.960  2641  2641 D IncompatibleChargerNotification: dispatchIntent: android.intent.action.BATTERY_CHANGED
10-24 17:41:02.960  2641  2641 D KeyguardIndicationGoogle: isChargeLimitEnabled= false, user= 0
10-24 17:41:02.960  2641  2714 D GoogleBatteryDataSource: fetchDwellDefendStatus: CONNECTED
10-24 17:41:02.960  2641  2714 D GoogleBatteryDataSource: fetchTempDefendStatus: t_sum=0, time_sum=0 t_avg=0 lst_v=0 lst_t=0 lst_u=0, dt=550845, t=0 e=1
10-24 17:41:02.960  2641  2714 D SystemEventDataSource: updatedEventData: SystemEventData(intentAction=android.intent.action.BATTERY_CHANGED, plugged=EventData(value=2), batteryScale=EventData(value=100), batteryLevel=EventData(value=46), chargingStatus=EventData(value=1), maxChargingCurrent=EventData(value=500000), maxChargingVoltage=EventData(value=5000000), batteryStatus=EventData(value=4), halEventData=HalEventData(dockDefendStatus=EventData(value=-3), tempDefendEventData=EventData(value=false), dwellDefendEventData=EventData(value=false)), settingsEventData=SettingsEventData(dockDefenderBypass=EventData(value=0), chargingLimitSettings=EventData(value=0), dndState=EventData(value=false), airplaneState=EventData(value=false)), frameworkApiEventData=FrameworkApiEventData(batterySaverState=EventData(value=false), extremeBatterySaverState=EventData(value=false)))
10-24 17:41:02.960  2641  2714 D ChargingLimitEventModule: validate()=false, chargingStatus=1
10-24 17:41:02.960  2641  2714 D DwellDefendBatteryModule: validate: false -> false
10-24 17:41:02.960  2641  2714 D TempDefendBatteryModule: validate: false -> false
10-24 17:41:02.961  2641  8383 D PowerUI : can't show warning due to - plugged: true status unknown: false
10-24 17:41:02.965   476   476 D WearableService: Creating wearable service asynchronously.
10-24 17:41:02.967   476  2759 I NearbySharing: Network state changed: NetworkState(isRestricted=false, isOnline=true, isCongested=false, isMetered=false, isWifiConnected=true)
10-24 17:41:02.967   476  2759 I NearbySharing: Network state changed: NetworkState(isRestricted=false, isOnline=true, isCongested=false, isMetered=false, isWifiConnected=true)
10-24 17:41:02.980   476   865 D WearableService: onGetService: waiting for onCreate to be completed.
10-24 17:41:02.986   476   509 I Wear_Controller: Wearable module requires a companion app to be installed.
10-24 17:41:02.986   476   509 I WearableService: onCreate: Wearable Services not starting. Wear is not available on this device.
10-24 17:41:02.987   476   865 W WearableService: onGetService: Wear is not available on this device.
10-24 17:41:02.987  1787  5221 I ActivityManager: Broadcasting: Intent { act=com.nick.myrecoverytracker.ACTION_RUN_DISTANCE_DAILY flg=0x11400020 cmp=com.nick.myrecoverytracker/.TriggerReceiver }
10-24 17:41:02.988  1787  5221 I ActivityManager: Enqueued broadcast Intent { act=com.nick.myrecoverytracker.ACTION_RUN_DISTANCE_DAILY flg=0x11400020 cmp=com.nick.myrecoverytracker/.TriggerReceiver }: 0
10-24 17:41:02.989  3834  3834 I TriggerReceiver: onReceive action=com.nick.myrecoverytracker.ACTION_RUN_DISTANCE_DAILY
10-24 17:41:02.989  1787  2590 D BackgroundInstallControlService: Package event received: 0
10-24 17:41:02.989  3834  3834 I TriggerReceiver: Enqueued DistanceDaily (once-DistanceDaily)
10-24 17:41:02.990  2812  2819 W droid.bluetooth: Reducing the number of considered missed Gc histogram windows from 111 to 100
10-24 17:41:02.990  1787  1879 I ActivityManager: Broadcast completed: result=0
10-24 17:41:02.993  3834  3914 I NotificationEngagementWorker: Engagement rollup wrote 1 date(s) to daily_notification_engagement.csv
10-24 17:41:02.998 19330 19741 W Dck     : [WearManager] failed to list wearables [CONTEXT service_id=289 ]
10-24 17:41:02.998 19330 19741 W Dck     : java.util.concurrent.ExecutionException: m20.jjq: 17: API: Wearable.API is not available on this device. Connection failed with: jhl{statusCode=API_UNAVAILABLE, resolution=null, message=null, clientMethodKey=null}
10-24 17:41:02.998 19330 19741 W Dck     : 	at m20.aabc.f(:com.google.android.gms.optional_dck@254131041@25.41.31 (150400-0):28)
10-24 17:41:02.998 19330 19741 W Dck     : 	at m20.aabc.d(:com.google.android.gms.optional_dck@254131041@25.41.31 (150400-0):39)
10-24 17:41:02.998 19330 19741 W Dck     : 	at m20.pzt.j(:com.google.android.gms.optional_dck@254131041@25.41.31 (150400-0):17)
10-24 17:41:02.998 19330 19741 W Dck     : 	at m20.pzt.i(:com.google.android.gms.optional_dck@254131041@25.41.31 (150400-0):2)
10-24 17:41:02.998 19330 19741 W Dck     : 	at m20.mhx.k(:com.google.android.gms.optional_dck@254131041@25.41.31 (150400-0):145)
10-24 17:41:02.998 19330 19741 W Dck     : 	at m20.rju.c(:com.google.android.gms.optional_dck@254131041@25.41.31 (150400-0):19)
10-24 17:41:02.998 19330 19741 W Dck     : 	at m20.rjp.a(:com.google.android.gms.optional_dck@254131041@25.41.31 (150400-0):10)
10-24 17:41:02.998 19330 19741 W Dck     : 	at m20.ypb.i(:com.google.android.gms.optional_dck@254131041@25.41.31 (150400-0):1)
10-24 17:41:02.998 19330 19741 W Dck     : 	at m20.ypf.run(:com.google.android.gms.optional_dck@254131041@25.41.31 (150400-0):90)
10-24 17:41:02.998 19330 19741 W Dck     : 	at m20.ahec.run(:com.google.android.gms.optional_dck@254131041@25.41.31 (150400-0):21)
10-24 17:41:02.998 19330 19741 W Dck     : 	at m20.jzu.c(:com.google.android.gms.optional_dck@254131041@25.41.31 (150400-0):50)
10-24 17:41:02.998 19330 19741 W Dck     : 	at m20.jzu.run(:com.google.android.gms.optional_dck@254131041@25.41.31 (150400-0):73)
10-24 17:41:02.998 19330 19741 W Dck     : 	at java.util.concurrent.ThreadPoolExecutor.runWorker(ThreadPoolExecutor.java:1156)
10-24 17:41:02.998 19330 19741 W Dck     : 	at java.util.concurrent.ThreadPoolExecutor$Worker.run(ThreadPoolExecutor.java:651)
10-24 17:41:02.998 19330 19741 W Dck     : 	at bcrs.run(:com.google.android.gms@254131035@25.41.31 (260400-820295184):8)
10-24 17:41:02.998 19330 19741 W Dck     : 	at java.lang.Thread.run(Thread.java:1119)
10-24 17:41:02.998 19330 19741 W Dck     : Caused by: m20.jjq: 17: API: Wearable.API is not available on this device. Connection failed with: jhl{statusCode=API_UNAVAILABLE, resolution=null, message=null, clientMethodKey=null}
10-24 17:41:02.998 19330 19741 W Dck     : 	at m20.jqj.a(:com.google.android.gms.optional_dck@254131041@25.41.31 (150400-0):13)
10-24 17:41:02.998 19330 19741 W Dck     : 	at m20.jsq.a(:com.google.android.gms.optional_dck@254131041@25.41.31 (150400-0):29)
10-24 17:41:02.998 19330 19741 W Dck     : 	at m20.jlr.run(:com.google.android.gms.optional_dck@254131041@25.41.31 (150400-0):7)
10-24 17:41:02.998 19330 19741 W Dck     : 	at m20.jzf.c(:com.google.android.gms.optional_dck@254131041@25.41.31 (150400-0):12)
10-24 17:41:02.998 19330 19741 W Dck     : 	at m20.jlt.a(:com.google.android.gms.optional_dck@254131041@25.41.31 (150400-0):12)
10-24 17:41:02.998 19330 19741 W Dck     : 	at com.google.android.gms.common.api.internal.BasePendingResult.p(:com.google.android.gms.optional_dck@254131041@25.41.31 (150400-0):72)
10-24 17:41:02.998 19330 19741 W Dck     : 	at com.google.android.gms.common.api.internal.BasePendingResult.m(:com.google.android.gms.optional_dck@254131041@25.41.31 (150400-0):35)
10-24 17:41:02.998 19330 19741 W Dck     : 	at m20.jll.i(:com.google.android.gms.optional_dck@254131041@25.41.31 (150400-0):16)
10-24 17:41:02.998 19330 19741 W Dck     : 	at m20.jlc.c(:com.google.android.gms.optional_dck@254131041@25.41.31 (150400-0):3)
10-24 17:41:02.998 19330 19741 W Dck     : 	at m20.jmn.q(:com.google.android.gms.optional_dck@254131041@25.41.31 (150400-0):48)
10-24 17:41:02.998 19330 19741 W Dck     : 	at m20.jmn.d(:com.google.android.gms.optional_dck@254131041@25.41.31 (150400-0):10)
10-24 17:41:02.998 19330 19741 W Dck     : 	at m20.jmn.g(:com.google.android.gms.optional_dck@254131041@25.41.31 (150400-0):219)
10-24 17:41:02.998 19330 19741 W Dck     : 	at m20.jmn.onConnectionFailed(:com.google.android.gms.optional_dck@254131041@25.41.31 (150400-0):2)
10-24 17:41:02.998 19330 19741 W Dck     : 	at m20.jrm.a(:com.google.android.gms.optional_dck@254131041@25.41.31 (150400-0):3)
10-24 17:41:02.998 19330 19741 W Dck     : 	at m20.jqs.a(:com.google.android.gms.optional_dck@254131041@25.41.31 (150400-0):7)
10-24 17:41:02.998 19330 19741 W Dck     : 	at m20.jql.c(:com.google.android.gms.optional_dck@254131041@25.41.31 (150400-0):77)
10-24 17:41:02.998 19330 19741 W Dck     : 	at m20.jqm.handleMessage(:com.google.android.gms.optional_dck@254131041@25.41.31 (150400-0):264)
10-24 17:41:02.998 19330 19741 W Dck     : 	at android.os.Handler.dispatchMessage(Handler.java:110)
10-24 17:41:02.998 19330 19741 W Dck     : 	at m20.ytq.b(:com.google.android.gms.optional_dck@254131041@25.41.31 (150400-0):1)
10-24 17:41:02.998 19330 19741 W Dck     : 	at m20.ytq.dispatchMessage(:com.google.android.gms.optional_dck@254131041@25.41.31 (150400-0):139)
10-24 17:41:02.998 19330 19741 W Dck     : 	at android.os.Looper.dispatchMessage(Looper.java:315)
10-24 17:41:02.998 19330 19741 W Dck     : 	at android.os.Looper.loopOnce(Looper.java:251)
10-24 17:41:02.998 19330 19741 W Dck     : 	at android.os.Looper.loop(Looper.java:349)
10-24 17:41:02.998 19330 19741 W Dck     : 	at android.os.HandlerThread.run(HandlerThread.java:100)
10-24 17:41:02.998 19330 19741 I Dck     : (REDACTED) [AllWearableKeysGetter] getAllWearableKeys(%s)
10-24 17:41:02.999 19330 19741 I Dck     : (REDACTED) [AllWearableKeysGetter] transmitting results: %s
10-24 17:41:03.012  3834  3854 I WM-WorkerWrapper: Worker result SUCCESS for Work [ id=8e5a2e20-4a1b-44cd-b786-72fc2de0b087, tags={ com.nick.myrecoverytracker.NotificationEngagementWorker, NotificationEngagement } ]
10-24 17:41:03.012   476   503 W NearbyPresence: TidepoolIdentityProvider: Main Tidepool status toggle not enabled! Returned empty shared credentials. [CONTEXT service_id=317 ]
10-24 17:41:03.012   476   503 W NearbyPresence: TidepoolIdentityProvider: Main Tidepool status toggle not enabled! Returned empty broadcast credentials. [CONTEXT service_id=317 ]
10-24 17:41:03.012   476   503 W NearbyPresence: TidepoolIdentityProvider: Main Tidepool status toggle not enabled! Returned empty shared credentials. [CONTEXT service_id=317 ]
10-24 17:41:03.012   476   503 W NearbyPresence: TidepoolIdentityProvider: Main Tidepool status toggle not enabled! Returned empty broadcast credentials. [CONTEXT service_id=317 ]
10-24 17:41:03.015  3834  3893 I SleepRollupWorker: WAKE_ACCEPT unlock=2025-10-04T05:34:31+10:00[Australia/Sydney] (no SCREEN_OFF in next 20s)
10-24 17:41:03.023   476   503 W NearbyPresence: TidepoolIdentityProvider: Main Tidepool status toggle not enabled! Returned empty broadcast credentials. [CONTEXT service_id=317 ]
10-24 17:41:03.023   476   503 W NearbyPresence: TidepoolIdentityProvider: Main Tidepool status toggle not enabled! Returned empty shared credentials. [CONTEXT service_id=317 ]
10-24 17:41:03.025   476   503 I NearbyConnections: ClientProxy(0p:com.google.android.gms.nearby.sharing) allow WebRtc to use mobile data.
10-24 17:41:03.025   476   503 I NearbyConnections: Client 36229046 requested to update advertising options.
10-24 17:41:03.028   476  2761 I Nearby  : (REDACTED) Note nearby client %s for operation %s
10-24 17:41:03.029   476  2761 I NearbyConnections: [InstantConnectionPcpMgr] In invalidateTxAdvertisementScanning(by pre_updateAdvertising) tx advertisement scanning skipped or stopped for endpointId: serviceId:NearbySharing isScreenUnlocked:true isAdvertising:true powerLevel:LOW isTxScanning:false
10-24 17:41:03.029   476  2761 I NearbyConnections: [PcpManager] In updateAdvertisingOptions() advertisingMediums:[WIFI_DIRECT, WIFI_HOTSPOT, WIFI_AWARE, WIFI_LAN, BLE] upgradeMediums:[USB, WIFI_LAN, WIFI_DIRECT, WIFI_AWARE, WIFI_HOTSPOT, WEB_RTC, BLE_L2CAP, BLUETOOTH, BLE, NFC] requireRegisterWifiStatusChangedCallback:true
10-24 17:41:03.034  3834  3906 I DistanceWorker: DistanceWorker SUCCESS: 2025-10-24 distance_km=53.37 points=3 timeMs=2
10-24 17:41:03.036  3834  3865 I WM-WorkerWrapper: Worker result SUCCESS for Work [ id=4cff9b73-1121-4819-acb4-b4d935c6e02e, tags={ com.nick.myrecoverytracker.DistanceWorker, DistanceDaily } ]
10-24 17:41:03.037   476  2761 I NearbyConnections: Instant Connection Security key rotated.
10-24 17:41:03.037   476  2761 I NearbyConnections: Scheduled invalidation of the HPKE key alarm (delayMillis:8000) for client 36229046
10-24 17:41:03.037   476  2761 I NearbyConnections: Get local endpoint id from random generation EEGJ (last:HUEZ) for client 36229046
10-24 17:41:03.051  1439  1439 I WifiHAL : found interface wlan0
10-24 17:41:03.060  1439  1439 D WifiHAL : In DebugCommand::handleResponse
10-24 17:41:03.066   670  8000 E keystore2: system/security/keystore2/src/error.rs:184 - system/security/keystore2/src/security_level.rs:329
10-24 17:41:03.066   670  8000 E keystore2: 
10-24 17:41:03.066   670  8000 E keystore2: Caused by:
10-24 17:41:03.066   670  8000 E keystore2:     0: system/security/keystore2/src/enforcements.rs:596: matching auth token (challenge=0, userId=8312131020960389902, authId=717093919118508472, authType=0x2, timestamp=572992179ms) rcved=BootTime(572983347) for sids [SecureUserId(8312131020960389902)] type Some(3) is expired (958s old > timeout=30s)
10-24 17:41:03.066   670  8000 E keystore2:     1: Error::Km(r#KEY_USER_NOT_AUTHENTICATED)
10-24 17:41:03.067  1439  1439 I WifiHAL : found interface wlan0
10-24 17:41:03.073   476  3818 W TapAndPay: onHandleIntent: unlock at 573941168 not a manual unlock [CONTEXT service_id=79 ]
10-24 17:41:03.076  1439  1439 D WifiHAL : In DebugCommand::handleResponse
10-24 17:41:03.080  1439  1439 I WifiHAL : found interface wlan0
10-24 17:41:03.081  3834  3844 W System  : A resource failed to call close. 
10-24 17:41:03.088  1439  1439 D WifiHAL : In DebugCommand::handleResponse
10-24 17:41:03.092   476  2761 I NearbyMediums: [DeviceCapabilities] Get wifi usable channels from cache for mode WFD_GC (tryToRefreshCache:true channels:[2412..2472, 5180..5240, 5745..5805])
10-24 17:41:03.097  1439  1439 I WifiHAL : found interface wlan0
10-24 17:41:03.106  1439  1439 D WifiHAL : In DebugCommand::handleResponse
10-24 17:41:03.110  1439  1439 I WifiHAL : found interface wlan0
10-24 17:41:03.118  3834  3893 I SleepRollupWorker: SLEEP_ACCEPT at=2025-10-04T01:05+10:00[Australia/Sydney] type=SCREEN_OFF (60m quiet)
10-24 17:41:03.120  1439  1439 D WifiHAL : In DebugCommand::handleResponse
10-24 17:41:03.125  1439  1439 I WifiHAL : found interface wlan0
10-24 17:41:03.127  3834  3893 I SleepRollupWorker: Sleep 2025-10-04 -> sleep=01:05:00 wake=05:34:31 hours=4.49 quality=OK
10-24 17:41:03.124  1661  1661 W TracingMuxer: type=1400 audit(0.0:251427): avc:  denied  { write } for  name="traced_producer" dev="tmpfs" ino=1353 scontext=u:r:gxp_logging:s0 tcontext=u:object_r:traced_producer_socket:s0 tclass=sock_file permissive=0
10-24 17:41:03.135  1439  1439 D WifiHAL : In DebugCommand::handleResponse
10-24 17:41:03.137   476  2761 I NearbyMediums: [DeviceCapabilities] Get wifi usable channels from cache for mode WFD_GO (tryToRefreshCache:true channels:[2412..2472, 5180..5240, 5745..5805])
10-24 17:41:03.143  1439  1439 I WifiHAL : found interface wlan0
10-24 17:41:03.152  1439  1439 D WifiHAL : In DebugCommand::handleResponse
10-24 17:41:03.158  1439  1439 I WifiHAL : found interface wlan0
10-24 17:41:03.168  1439  1439 D WifiHAL : In DebugCommand::handleResponse
10-24 17:41:03.172  3834  3893 I SleepRollupWorker: WAKE_ACCEPT unlock=2025-10-05T06:47:41+11:00[Australia/Sydney] (no SCREEN_OFF in next 20s)
10-24 17:41:03.174  1439  1439 I WifiHAL : found interface wlan0
10-24 17:41:03.182  1439  1439 D WifiHAL : In DebugCommand::handleResponse
10-24 17:41:03.184   476  2761 I NearbyMediums: [DeviceCapabilities] Get wifi usable channels from cache for mode STA (tryToRefreshCache:true channels:[2412..2472, 5180..5320, 5500..5580, 5660..5700, 5745..5825, 5955..6415])
10-24 17:41:03.187  1439  1439 I WifiHAL : found interface wlan0
10-24 17:41:03.196  1439  1439 D WifiHAL : In DebugCommand::handleResponse
10-24 17:41:03.199  1439  1439 I WifiHAL : found interface wlan0
10-24 17:41:03.208  1439  1439 D WifiHAL : In DebugCommand::handleResponse
10-24 17:41:03.210  1439  1439 I WifiHAL : found interface wlan0
10-24 17:41:03.218  1439  1439 D WifiHAL : In DebugCommand::handleResponse
10-24 17:41:03.223   476  2761 I NearbyMediums: [DeviceCapabilities] Get wifi usable channels from cache for mode AWARE (tryToRefreshCache:true channels:[2412..2472, 5180..5240, 5745..5825, 5955..6415])
10-24 17:41:03.229   476  2761 I NearbyConnections: In generateRxInstantConnectionAdvBytes() advertisingMediums:[WIFI_DIRECT, WIFI_HOTSPOT, WIFI_AWARE, WIFI_LAN, BLE] capabilitiesSize:5 apFreq:5180 wfdGcUsableOrAvailableChs:[2412..2472, 5180..5240, 5745..5805] wfdGoUsableOrAvailableChs:[2412..2472, 5180..5240, 5745..5805] hsStaUsableOrAvailableChs:[2412..2472, 5180..5320, 5500..5580, 5660..5700, 5745..5825, 5955..6415] awareUsableOrAvailableChs:[2412..2472, 5180..5240, 5745..5825, 5955..6415] rxAdvertisement(size:63):A0:17:A5:E4:82:5F:04:51:C6:2C:16:EA:29:80:0C:F8:C6:37:36:23:75:57:32:0F:AD:9F:27:29:FB:F0:A4:34:0D:31:84:15:05:21:00:00:84:15:06:21:00:00:84:15:04:7F:00:00:84:15:07:61:00:00:83:15:01:14:3C
10-24 17:41:03.231   476  2761 I NearbyMediums: Device token rotated, old deviceToken : [ 0x53 0xe9 ].
10-24 17:41:03.231  2812  3245 I bluetooth: bluetooth_core::gatt::server::isolation_manager: removing server (if any) associated with advertiser AdvertiserId(1)
10-24 17:41:03.231  2812  3246 I bt_shim_advertiser: system/main/shim/le_advertising_manager.cc:80 Unregister: in shim layer
10-24 17:41:03.232  2812  3194 I bluetooth: system/gd/hci/le_address_manager.cc:277 unregister_client: Client unregistered
10-24 17:41:03.232   476  2761 D BluetoothAdapter: isLeEnabled(): ON
10-24 17:41:03.234  2812  3246 I bt_shim_advertiser: system/main/shim/le_advertising_manager.cc:161 StartAdvertisingSet: in shim layer
10-24 17:41:03.234  2812  3246 I bt_shim_advertiser: system/main/shim/le_advertising_manager.cc:188 StartAdvertisingSet: create advertising set, client_id:255, reg_id:-3692
10-24 17:41:03.235  2812  3194 I bluetooth: system/gd/hci/le_advertising_manager_impl.cc:662 create_extended_advertiser_with_id: Scheduling address rotation for advertiser_id=0
10-24 17:41:03.235  2812  3194 I bluetooth: system/gd/hci/le_address_manager.cc:575 GetNextPrivateAddressIntervalRange: client=advertising_set_0, nonwake=8m28s, wake=14m34s
10-24 17:41:03.235  2812  3194 I bluetooth: system/gd/hci/le_address_manager.cc:262 register_client: Client registered
10-24 17:41:03.236  2632  2635 I deeptouch: I0000 00:00:1761288063.235626    2635 tf_lite_classifier.cc:413] Event stream classified as kNone
10-24 17:41:03.240  2812  3194 I bluetooth: system/gd/hci/le_advertising_manager_impl.cc:1741 on_set_advertising_set_random_address_complete: update random address for advertising set 0 : xx:xx:xx:xx:e8:19
10-24 17:41:03.240  1787  3082 V WindowManager: DesktopModeLaunchParamsModifier: phase= 0 task=null activity=null display-from-option=0 display-id=0 task-display-area-windowing-mode=1 suggested-display-area=DefaultTaskDisplayArea@21895765 task null, skipping
10-24 17:41:03.240  1787  3082 V WindowManager: TaskLaunchParamsModifier:phase=0 task=null activity=null display-from-option=0 display-id=0 task-display-area-windowing-mode=1 suggested-display-area=DefaultTaskDisplayArea@21895765
10-24 17:41:03.241  1787  3082 V GrammaticalInflectionUtils: AttributionSource: android.content.AttributionSource@b4672ef9 does not have READ_SYSTEM_GRAMMATICAL_GENDER permission.
10-24 17:41:03.242  1787  3082 W OptProp : Cannot read opt property android.window.PROPERTY_COMPAT_ALLOW_RESIZEABLE_ACTIVITY_OVERRIDES
10-24 17:41:03.242  1787  3082 W OptProp : Cannot read opt property android.window.PROPERTY_COMPAT_ALLOW_MIN_ASPECT_RATIO_OVERRIDE
10-24 17:41:03.243  1787  3082 V WindowManager: DesktopModeLaunchParamsModifier: phase= 0 task=null activity=ActivityRecord{125047182 u0 com.textra/com.mplus.lib.ui.main.Main display-from-option=0 display-id=0 task-display-area-windowing-mode=1 suggested-display-area=DefaultTaskDisplayArea@21895765 task null, skipping
10-24 17:41:03.243  1787  3082 V WindowManager: TaskLaunchParamsModifier:phase=0 task=null activity=ActivityRecord{125047182 u0 com.textra/com.mplus.lib.ui.main.Main t-1} display-from-option=0 display-id=0 task-display-area-windowing-mode=1 suggested-display-area=DefaultTaskDisplayArea@21895765
10-24 17:41:03.243  1787  3082 V WindowManager: DesktopModeLaunchParamsModifier: phase= 3 task=Task{da098ce #15552 type=standard A=10347:com.textra} activity=ActivityRecord{125047182 u0 com.textra/com.mplus.lib.ui.main.Main t-1} display-from-option=0 display-id=0 task-display-area-windowing-mode=1 suggested-display-area=DefaultTaskDisplayArea@21895765 not entering desktop mode, skipping
10-24 17:41:03.243  1787  3082 V WindowManager: TaskLaunchParamsModifier:phase=3 task=Task{da098ce #15552 type=standard A=10347:com.textra} activity=ActivityRecord{125047182 u0 com.textra/com.mplus.lib.ui.main.Main t-1} display-from-option=0 display-id=0 task-display-area-windowing-mode=1 suggested-display-area=DefaultTaskDisplayArea@21895765 inherit-from-source=fullscreen non-freeform-task-display-area display-area=DefaultTaskDisplayArea@21895765 default-portrait freeform-size-mismatch=Rect(276, 716 - 804, 1796)
10-24 17:41:03.244  1787  3082 V WindowManager: DesktopModeLaunchParamsModifier: phase= 3 task=Task{da098ce #15552 type=standard A=10347:com.textra} activity=ActivityRecord{125047182 u0 com.textra/com.mplus.lib.ui.main.Main t-1} display-from-option=0 display-id=0 task-display-area-windowing-mode=1 suggested-display-area=DefaultTaskDisplayArea@21895765 not entering desktop mode, skipping
10-24 17:41:03.244  1787  3082 V WindowManager: TaskLaunchParamsModifier:phase=3 task=Task{da098ce #15552 type=standard A=10347:com.textra} activity=ActivityRecord{125047182 u0 com.textra/com.mplus.lib.ui.main.Main t-1} display-from-option=0 display-id=0 task-display-area-windowing-mode=1 suggested-display-area=DefaultTaskDisplayArea@21895765 inherit-from-source=fullscreen non-freeform-task-display-area display-area=DefaultTaskDisplayArea@21895765 default-portrait freeform-size-mismatch=Rect(276, 716 - 804, 1796)
10-24 17:41:03.246  1787  3082 I ActivityTaskManager: START u0 {act=android.intent.action.MAIN cat=[android.intent.category.LAUNCHER] flg=0x10200000 xflg=0x4 pkg=com.textra cmp=com.textra/com.mplus.lib.ui.main.Main bnds=[326,1929][499,2124]} with LAUNCH_SINGLE_TASK from uid 10227 (com.google.android.apps.nexuslauncher) (sr=98500290) (BAL_ALLOW_VISIBLE_WINDOW) result code=2
10-24 17:41:03.246   476   476 I NearbyMediums: [InstantOnLostManager] Start instant onLost extended advertising, hashes = [ 0xea 0x81 0xc5 0x72 ].
10-24 17:41:03.247 27211 27211 D StatsLog: LAUNCHER_APP_LAUNCH_TAP
10-24 17:41:03.247  2641  2675 V WindowManagerShell: Transition requested (#7420): android.os.BinderProxy@e832063 TransitionRequestInfo { type = OPEN, triggerTask = TaskInfo{userId=0 taskId=15552 effectiveUid=10347 displayId=0 isRunning=true baseIntent=Intent { act=android.intent.action.MAIN cat=[android.intent.category.LAUNCHER] flg=0x10200000 pkg=com.textra cmp=com.textra/com.mplus.lib.ui.main.Main } baseActivity=ComponentInfo{com.textra/com.mplus.lib.ui.main.MainActivity} topActivity=ComponentInfo{com.textra/com.mplus.lib.ui.main.MainActivity} origActivity=ComponentInfo{com.textra/com.mplus.lib.ui.main.Main} realActivity=ComponentInfo{com.textra/com.mplus.lib.ui.main.MainActivity} numActivities=1 lastActiveTime=572925565 supportsMultiWindow=true resizeMode=1 isResizeable=true minWidth=-1 minHeight=-1 defaultMinSize=220 token=WCT{android.os.BinderProxy@efa5378} topActivityType=1 pictureInPictureParams=null shouldDockBigOverlays=false launchIntoPipHostTaskId=-1 lastParentTaskIdBeforePip=-1 displayCutoutSafeInsets=Rect(0, 152 - 0, 0) topActivityInfo=ActivityInfo{1452460 com.mplus.lib.ui.main.Main} launchCookies=[android.os.BinderProxy@dc5ed19] positionInParent=Point(0, 0) parentTaskId=-1 isFocused=false isVisible=false isVisibleRequested=false isTopActivityNoDisplay=false isSleeping=false locusId=null displayAreaFeatureId=1 isTopActivityTransparent=false isActivityStackTransparent=false lastNonFullscreenBounds=Rect(276, 716 - 804, 1796) capturedLink=null capturedLinkTimestamp=0 requestedVisibleTypes=-9 topActivityRequestOpenInBrowserEducationTimestamp=0 appCompatTaskInfo=AppCompatTaskInfo { topActivityInSizeCompat=false eligibleForLetterboxEducation= false isLetterboxEducationEnabled= false isLetterboxDoubleTapEnabled= false eligibleForUserAspectRatioButton= false topActivityBoundsLetterboxed= false isFromLetterboxDoubleTap= false topActivityLetterboxVerticalPosition= -1 topActivityLetterboxHorizontalPosition= -1 topActivityLetterboxWidth=-1 topActivityLetterboxHeight=-1 topActivityAppBounds=Rect(0, 0 - 1080, 2424) isUserFullscreenOverrideEnabled=false isSystemFullscreenOverrideEnabled=false hasMinAspectRatioOverride=false topActivityLetterboxBounds=null cameraCompatTaskInfo=CameraCompatTaskInfo { freeformCameraCompatMode=inactiveundefined} topNonResizableActivityAspectRatio=-1.0} topActivityMainWindowFrame=null isAppBubble=false}, pipChange = null, remoteTransition = RemoteTransition { remoteTransition = android.window.IRemoteTransition$Stub$Proxy@5d9c1de, appThread = android.app.IApplicationThread$Stub$Proxy@67d5fbf, debugName = QuickstepLaunch }, displayChange = null, flags = 0, debugId = 7420 }
10-24 17:41:03.247  2641  2675 D ShellSplitScreen: logExit: no-op, mLoggerSessionId is null
10-24 17:41:03.247  2641  2675 V WindowManagerShell: RemoteTransition directly requested for (#7420) android.os.BinderProxy@e832063: RemoteTransition { remoteTransition = android.window.IRemoteTransition$Stub$Proxy@5d9c1de, appThread = android.app.IApplicationThread$Stub$Proxy@67d5fbf, debugName = QuickstepLaunch }
10-24 17:41:03.247  2641  2675 V WindowManagerShell: Transition (#7420): request handled by DefaultMixedHandler
10-24 17:41:03.248 27211 27211 D BaseActivity: Launcher flags updated: [state_started|state_resumed|state_deferred_resumed|state_window_focused] -[state_user_active]
10-24 17:41:03.248 27211 27211 D BaseActivity: Launcher flags updated: [state_started|state_window_focused] -[state_resumed|state_deferred_resumed]
10-24 17:41:03.248 27211 27211 W SplitSelectStateCtor: Missing session instanceIds
10-24 17:41:03.248 27211 27211 D StatsLog: LAUNCHER_SPLIT_SELECTION_EXIT_INTERRUPTED
10-24 17:41:03.248   676  3147 I libbinder.BpBinder: onLastStrongRef automatically unlinking death recipients: 
10-24 17:41:03.248 27211 27231 D QuickstepModelDelegate: notifyAppTargetEvent action=1 launchLocation=hotseat/1/[1,0]/[1,1]
10-24 17:41:03.249  2641  2675 V ShellStartingWindow: RSO:Start tracking for task=15552
10-24 17:41:03.249  2641  2675 D WindowManagerShell: onActivityRestartAttempt: topActivity=ComponentInfo{com.textra/com.mplus.lib.ui.main.MainActivity}, wasVisible=false
10-24 17:41:03.249  1787  2590 D BackgroundInstallControlService: Package event received: 0
10-24 17:41:03.250  2873 26808 D ForegroundUtils: onUidImportance: Foreground UID status
10-24 17:41:03.250  2873 26808 D ForegroundUtils: onUidImportance: UID: 10136 is in foreground: false
10-24 17:41:03.250  2873 26808 D ForegroundUtils: onUidImportance: UID: 10152 is in foreground: false
10-24 17:41:03.251  2873 26808 D ForegroundUtils: onUidImportance: UID: 10155 is in foreground: true
10-24 17:41:03.251  2873 26808 D ForegroundUtils: onUidImportance: UID: 10156 is in foreground: false
10-24 17:41:03.251  2873 26808 D ForegroundUtils: onUidImportance: UID: 10177 is in foreground: false
10-24 17:41:03.251  2873 26808 D ForegroundUtils: onUidImportance: UID: 10179 is in foreground: false
10-24 17:41:03.251  2873 26808 D ForegroundUtils: onUidImportance: UID: 10210 is in foreground: false
10-24 17:41:03.251  2873 26808 D ForegroundUtils: onUidImportance: UID: 10227 is in foreground: true
10-24 17:41:03.251  2873 26808 D ForegroundUtils: onUidImportance: UID: 10232 is in foreground: true
10-24 17:41:03.251  2873 26808 D ForegroundUtils: onUidImportance: UID: 10237 is in foreground: true
10-24 17:41:03.251  2873 26808 D ForegroundUtils: onUidImportance: UID: 10279 is in foreground: true
10-24 17:41:03.251  2873 26808 D ForegroundUtils: onUidImportance: UID: 10281 is in foreground: false
10-24 17:41:03.251  2641  2675 D WindowManagerShell: setLauncherKeepClearAreaHeight: visible=false, height=495
10-24 17:41:03.251  1787 14250 V WindowManager: Defer transition id=7420 for TaskFragmentTransaction=android.os.Binder@ce2b5bc
10-24 17:41:03.251  1787 14250 V WindowManager: deferTransitionReady deferReadyDepth=1 stack=com.android.server.wm.TransitionController.deferTransitionReady:1014 com.android.server.wm.TaskFragmentOrganizerController$TaskFragmentOrganizerState.dispatchTransaction:508 com.android.server.wm.TaskFragmentOrganizerController.dispatchPendingEvents:1250 com.android.server.wm.TaskFragmentOrganizerController.dispatchPendingEvents:1219 com.android.server.wm.RootWindowContainer.performSurfacePlacementNoTrace:808 
10-24 17:41:03.251  2873 26808 D ForegroundUtils: onUidImportance: UID: 10286 is in foreground: false
10-24 17:41:03.251  2873 26808 D ForegroundUtils: onUidImportance: UID: 10312 is in foreground: false
10-24 17:41:03.251  2873 26808 D ForegroundUtils: onUidImportance: UID: 10332 is in foreground: false
10-24 17:41:03.251  2873 26808 D ForegroundUtils: onUidImportance: UID: 10347 is in foreground: true
10-24 17:41:03.251  2873 26808 D ForegroundUtils: onUidImportance: UID: 10421 is in foreground: false
10-24 17:41:03.252   835   835 W powerhal-libperfmgr: Sess(17745), cannot resume, already active
10-24 17:41:03.252   476  2761 I NearbyMediums: Successfully stopped BLE advertising for service NearbySharing
10-24 17:41:03.253 28064  9497 I edyx    : (REDACTED) appOpsListener %s %s
10-24 17:41:03.253 28064  9497 I edyx    : (REDACTED) Ignoring irrelevant audio permission changes for package %s
10-24 17:41:03.255  1787 14250 V WindowManager: Continue transition id=7420 for TaskFragmentTransaction=android.os.Binder@ce2b5bc
10-24 17:41:03.255  1787 14250 V WindowManager: continueTransitionReady deferReadyDepth=0 stack=com.android.server.wm.TransitionController.continueTransitionReady:1023 com.android.server.wm.TaskFragmentOrganizerController$TaskFragmentOrganizerState.onTransactionFinished:537 com.android.server.wm.TaskFragmentOrganizerController.onTransactionHandled:731 android.window.ITaskFragmentOrganizerController$Stub.onTransact:225 android.os.Binder.execTransactInternal:1446 
10-24 17:41:03.257  1787  2590 D BackgroundInstallControlService: Package event received: 0
10-24 17:41:03.257  1787  2590 D BackgroundInstallControlService: Package event received: 0
10-24 17:41:03.257  1787  2590 D BackgroundInstallControlService: Package event received: 0
10-24 17:41:03.257  1787  2590 D BackgroundInstallControlService: Package event received: 0
10-24 17:41:03.257  2641  2698 V SnapshotDrawerUtils: Drawing snapshot surface sizeMismatch=true
10-24 17:41:03.261  1787  1879 V WindowManager: Sent Transition (#7420) createdAt=10-24 17:41:03.243 via request=TransitionRequestInfo { type = OPEN, triggerTask = TaskInfo{userId=0 taskId=15552 effectiveUid=10347 displayId=0 isRunning=true baseIntent=Intent { act=android.intent.action.MAIN cat=[android.intent.category.LAUNCHER] flg=0x10200000 pkg=com.textra cmp=com.textra/com.mplus.lib.ui.main.Main } baseActivity=ComponentInfo{com.textra/com.mplus.lib.ui.main.MainActivity} topActivity=ComponentInfo{com.textra/com.mplus.lib.ui.main.MainActivity} origActivity=ComponentInfo{com.textra/com.mplus.lib.ui.main.Main} realActivity=ComponentInfo{com.textra/com.mplus.lib.ui.main.MainActivity} numActivities=1 lastActiveTime=572925565 supportsMultiWindow=true resizeMode=1 isResizeable=true minWidth=-1 minHeight=-1 defaultMinSize=220 token=WCT{RemoteToken{2a3c6df Task{da098ce #15552 type=standard A=10347:com.textra}}} topActivityType=1 pictureInPictureParams=null shouldDockBigOverlays=false launchIntoPipHostTaskId=-1 lastParentTaskIdBeforePip=-1 displayCutoutSafeInsets=Rect(0, 152 - 0, 0) topActivityInfo=ActivityInfo{5cdcf2c com.mplus.lib.ui.main.Main} launchCookies=[android.os.BinderProxy@7f4c466] positionInParent=Point(0, 0) parentTaskId=-1 isFocused=false isVisible=false isVisibleRequested=false isTopActivityNoDisplay=false isSleeping=false locusId=null displayAreaFeatureId=1 isTopActivityTransparent=false isActivityStackTransparent=false lastNonFullscreenBounds=Rect(276, 716 - 804, 1796) capturedLink=null capturedLinkTimestamp=0 requestedVisibleTypes=-9 topActivityRequestOpenInBrowserEducationTimestamp=0 appCompatTaskInfo=AppCompatTaskInfo { topActivityInSizeCompat=false eligibleForLetterboxEducation= false isLetterboxEducationEnabled= false isLetterboxDoubleTapEnabled= false eligibleForUserAspectRatioButton= false topActivityBoundsLetterboxed= false isFromLetterboxDoubleTap= false topActivityLetterboxVerticalPosition= -1 topActivityLetterboxHorizontalPosition= -1 topActivityLetterboxWidth=-1 topActivityLetterboxHeight=-1 topActivityAppBounds=Rect(0, 0 - 1080, 2424) isUserFullscreenOverrideEnabled=false isSystemFullscreenOverrideEnabled=false hasMinAspectRatioOverride=false topActivityLetterboxBounds=null cameraCompatTaskInfo=CameraCompatTaskInfo { freeformCameraCompatMode=inactiveundefined} topNonResizableActivityAspectRatio=-1.0} topActivityMainWindowFrame=null isAppBubble=false}, pipChange = null, remoteTransition = RemoteTransition { remoteTransition = android.window.IRemoteTransition$Stub$Proxy@3f2e3a7, appThread = android.app.IApplicationThread$Stub$Proxy@9f20054, debugName = QuickstepLaunch }, displayChange = null, flags = 0, debugId = 7420 }
10-24 17:41:03.261  1787  1879 V WindowManager:     startWCT=WindowContainerTransaction { changes= {} hops= [] errorCallbackToken=null taskFragmentOrganizer=null }
10-24 17:41:03.261  1787  1879 V WindowManager:     info={id=7420 t=OPEN f=0x0 trk=0 r=[0@Point(0, 0)] c=[
10-24 17:41:03.261  1787  1879 V WindowManager:         {WCT{RemoteToken{2a3c6df Task{da098ce #15552 type=standard A=10347:com.textra}}} m=TO_FRONT f=MOVE_TO_TOP leash=Surface(name=Task=15552)/@0x5d8f739 sb=Rect(0, 0 - 1080, 2424) eb=Rect(0, 0 - 1080, 2424) epz=Point(1080, 2424) d=0 taskParent=-1 winMode=1},
10-24 17:41:03.261  1787  1879 V WindowManager:         {WCT{RemoteToken{2a46722 Task{57ebf09 #1 type=home}}} m=TO_BACK f=SHOW_WALLPAPER leash=Surface(name=Task=1)/@0x5d717f1 sb=Rect(0, 0 - 1080, 2424) eb=Rect(0, 0 - 1080, 2424) epz=Point(1080, 2424) d=0 taskParent=-1 winMode=1},
10-24 17:41:03.261  1787  1879 V WindowManager:         {m=TO_BACK f=IS_WALLPAPER leash=Surface(name=WallpaperWindowToken{5e6d5cd})/@0x620297b sb=Rect(0, 0 - 1080, 2424) eb=Rect(0, 0 - 1080, 2424) epz=Point(1080, 2424) d=0}
10-24 17:41:03.261  1787  1879 V WindowManager:     ]}
10-24 17:41:03.262   476  2761 D BluetoothAdapter: isLeEnabled(): ON
10-24 17:41:03.262  2641 24051 V WindowManagerShell: onTransitionReady(transaction=7675106985346)
10-24 17:41:03.262  2641  2675 V WindowManagerShell: onTransitionReady (#7420) android.os.BinderProxy@e832063: {id=7420 t=OPEN f=0x0 trk=0 r=[0@Point(0, 0)] c=[
10-24 17:41:03.262  2641  2675 V WindowManagerShell:         {m=TO_FRONT f=MOVE_TO_TOP leash=Surface(name=Task=15552)/@0x7b238db sb=Rect(0, 0 - 1080, 2424) eb=Rect(0, 0 - 1080, 2424) epz=Point(1080, 2424) d=0 taskParent=-1 winMode=1},
10-24 17:41:03.262  2641  2675 V WindowManagerShell:         {m=TO_BACK f=SHOW_WALLPAPER leash=Surface(name=Task=1)/@0x8971f78 sb=Rect(0, 0 - 1080, 2424) eb=Rect(0, 0 - 1080, 2424) epz=Point(1080, 2424) d=0 taskParent=-1 winMode=1},
10-24 17:41:03.262  2641  2675 V WindowManagerShell:         {m=TO_BACK f=IS_WALLPAPER leash=Surface(name=WallpaperWindowToken{5e6d5cd})/@0x2bf2651 sb=Rect(0, 0 - 1080, 2424) eb=Rect(0, 0 - 1080, 2424) epz=Point(1080, 2424) d=0}
10-24 17:41:03.262  2641  2675 V WindowManagerShell:     ]}
10-24 17:41:03.263  2641  2675 V WindowManagerShell: Playing animation for (#7420) android.os.BinderProxy@e832063@0
10-24 17:41:03.263  2641  2675 V WindowManagerShell:  try firstHandler com.android.wm.shell.transition.DefaultMixedHandler@6f4e661
10-24 17:41:03.263  2641  2675 V WindowManagerShell: Mixed transition for opening an intent with a remote transition and PIP or Desktop #7420
10-24 17:41:03.263  2641  2675 V WindowManagerShell: tryAnimateOpenIntentWithRemoteAndPipOrDesktop
10-24 17:41:03.263  2641  2675 V WindowManagerShell:  Delegate animation for (#7420) to RemoteTransition { remoteTransition = android.window.IRemoteTransition$Stub$Proxy@5d9c1de, appThread = android.app.IApplicationThread$Stub$Proxy@67d5fbf, debugName = QuickstepLaunch }
10-24 17:41:03.263  2812  3246 I bt_shim_advertiser: system/main/shim/le_advertising_manager.cc:161 StartAdvertisingSet: in shim layer
10-24 17:41:03.263  2812  3246 I bt_shim_advertiser: system/main/shim/le_advertising_manager.cc:188 StartAdvertisingSet: create advertising set, client_id:255, reg_id:-3693
10-24 17:41:03.263  2641  2675 V WindowManagerShell:  animated by firstHandler
10-24 17:41:03.263  2812  3194 I bluetooth: system/gd/hci/le_advertising_manager_impl.cc:662 create_extended_advertiser_with_id: Scheduling address rotation for advertiser_id=1
10-24 17:41:03.263  2812  3194 I bluetooth: system/gd/hci/le_address_manager.cc:575 GetNextPrivateAddressIntervalRange: client=advertising_set_1, nonwake=8m12s, wake=13m15s
10-24 17:41:03.265  2812  3194 I bluetooth: system/gd/hci/le_advertising_manager_impl.cc:1741 on_set_advertising_set_random_address_complete: update random address for advertising set 1 : xx:xx:xx:xx:48:c2
10-24 17:41:03.269   476  2761 I NearbyMediums: Started BLE extended advertising. Regular Advertised : false, Fast Advertised : true, AdvertisingSetting : BleAdvertisingSetting{powerLevel= BALANCED_POWER, isConnectable= false, isPrivateGatt= true}.
10-24 17:41:03.269   476  2761 D BluetoothAdapter: isLeEnabled(): ON
10-24 17:41:03.270  7640  7640 V TappxMraid: Injecting Javascript into MRAID WebView:	mraidbridge.setIsViewable(true)
10-24 17:41:03.271  2812  3246 I bt_shim_advertiser: system/main/shim/le_advertising_manager.cc:161 StartAdvertisingSet: in shim layer
10-24 17:41:03.271  2812  3246 I bt_shim_advertiser: system/main/shim/le_advertising_manager.cc:188 StartAdvertisingSet: create advertising set, client_id:255, reg_id:-3694
10-24 17:41:03.271  2812  3194 I bluetooth: system/gd/hci/le_advertising_manager_impl.cc:662 create_extended_advertiser_with_id: Scheduling address rotation for advertiser_id=2
10-24 17:41:03.271  2812  3194 I bluetooth: system/gd/hci/le_address_manager.cc:575 GetNextPrivateAddressIntervalRange: client=advertising_set_2, nonwake=8m46s, wake=14m16s
10-24 17:41:03.272  2812  3194 I bluetooth: system/gd/hci/le_advertising_manager_impl.cc:1741 on_set_advertising_set_random_address_complete: update random address for advertising set 2 : xx:xx:xx:xx:14:5a
10-24 17:41:03.274  1390  1412 D CHRE.HAL: Received a nanoapp message from 0x476f6f676c001022 endpoint 0x8042: Type 0x3 size 8 
10-24 17:41:03.274  1402  1402 I suez-nanoapp-clients: Barometric peak detected: magnitude = 0.460270 hPa (bucket: 10), duration = 395.000000 ms (bucket: 33).
10-24 17:41:03.274   476  2761 I NearbyMediums: Started BLE Legacy advertising. Regular Header Advertised : false, Fast Advertised : true, AdvertisingSettings : BleAdvertisingSetting{powerLevel= BALANCED_POWER, isConnectable= false, isPrivateGatt= true}, isAcceptingConnection : false
10-24 17:41:03.274  1402  1402 I suez-nanoapp-clients: Vendor atom [id = 100047] reported.
10-24 17:41:03.274  1390  1412 I CHRE    : @ 573950.497: [ip] Peak detected: magnitude = 0.460270 hpa, duration = 395.000000 ms
10-24 17:41:03.274  1390  1412 D CHRE.HAL: Received a nanoapp message from 0x476f6f676c001022 endpoint 0x8042: Type 0x3 size 8 
10-24 17:41:03.274   476  2761 I NearbyMediums: Successfully started BLE advertising of size 23 for service NearbySharing, deviceToken : [ 0x4e 0xee ].
10-24 17:41:03.274  1402  1402 I suez-nanoapp-clients: Barometric peak detected: magnitude = 0.481942 hPa (bucket: 10), duration = 237.000000 ms (bucket: 21).
10-24 17:41:03.274  1402  1402 I suez-nanoapp-clients: Vendor atom [id = 100047] reported.
10-24 17:41:03.274  1390  1412 I CHRE    : @ 573950.497: [ip] Peak detected: magnitude = 0.481942 hpa, duration = 237.000000 ms
10-24 17:41:03.277   476  2761 I NearbyMediums: Successfully bound ServerSocket for service NearbySharing to the stable port 53601.
10-24 17:41:03.277   476  2761 I NearbyMediums: Successfully started listening for incoming Wifi Lan connections.
10-24 17:41:03.279  1787 13653 I WifiService: acquireMulticastLock uid=10152 lockTag=nearby-connections-53058263
10-24 17:41:03.280  3834  3893 I SleepRollupWorker: SLEEP_ACCEPT at=2025-10-05T01:05+10:00[Australia/Sydney] type=SCREEN_OFF (60m quiet)
10-24 17:41:03.282  2641  2675 V ShellStartingWindow: RSO:Transaction applied for task=15552
10-24 17:41:03.283   476  2761 I Nearby  : (REDACTED) NsdManagerCompat acquired multicast lock %d.
10-24 17:41:03.284 27211 27211 D BaseActivity: Launcher flags updated: [state_started] -[state_window_focused]
10-24 17:41:03.287  1439  1439 E WifiHAL : Setting APF program, halHandle = 0xb4000078119ff1d0
10-24 17:41:03.287  1439  1439 E WifiHAL : Set apf filter for iface = wlan0
10-24 17:41:03.287  1439  1439 I WifiHAL : createRequest: APF set program request
10-24 17:41:03.287  1439  1439 I WifiHAL : mProgramLen : 1495
10-24 17:41:03.288  3834  3893 I SleepRollupWorker: Sleep 2025-10-05 -> sleep=01:05:00 wake=06:47:41 hours=4.71 quality=OK
10-24 17:41:03.289  2769 19455 D IpClient.wlan0: set max DTIM multiplier to 1
10-24 17:41:03.289  1444  2069 D DeviceHalAidl: [default] createAudioPatch: sources: 1 sinks 1
10-24 17:41:03.289  1444  2069 D Hal2AidlMapper: [default] createOrUpdatePatch: patch ID: 2695, [disregard IDs] sources: [AudioPortConfig{id: 1, portId: 0, sampleRate: Int{value: 48000}, channelMask: AudioChannelLayout{layoutMask: 3}, format: AudioFormatDescription{type: PCM, pcm: FLOAT_32_BIT, encoding: }, gain: (null), flags: AudioIoFlags{output: 6}, ext: AudioPortExt{mix: AudioPortMixExt{handle: 13, usecase: AudioPortMixExtUseCase{stream: SYS_RESERVED_DEFAULT}, maxOpenStreamCount: 0, maxActiveStreamCount: 0, recommendedMuteDurationMs: 0}}}], sinks: [AudioPortConfig{id: 3, portId: 0, sampleRate: (null), channelMask: (null), format: (null), gain: (null), flags: (null), ext: AudioPortExt{device: AudioPortDeviceExt{device: AudioDevice{type: AudioDeviceDescription{type: OUT_SPEAKER, connection: }, address: AudioDeviceAddress{id: }}, flags: 0, encodedFormats: [], encapsulationModes: 0, encapsulationMetadataTypes: 0, speakerLayout: (null)}}}]
10-24 17:41:03.289  1444  2069 D Hal2AidlMapper: [default] findOrCreatePortConfig: device port config does not have audio or gain config specified
10-24 17:41:03.289  1380 17461 I AHal::PortRouteManager: UpdateOrAddPatch: update patch 2695, AudioPatch{id: 2695, source: [400001/1: primary-playback], sink: [100001/100001: speaker], min frames: 480, latencies: [50]}
10-24 17:41:03.289  1380 17461 D AHal::Router: UpdateOrAddPatch: updated activated config [400001]
10-24 17:41:03.289  1380 17461 I AHal::Router: InvalidateLocked: new graph #25557 Edges(1):
10-24 17:41:03.289  1380 17461 I AHal::Router:   [direction: 0, use case: primary-playback, id: 0, use case extras: [aec: false, ns: false], use case attributes: [active track: false][sample_rate: 48000][channel layout: AudioChannelLayout{layoutMask: 3}][format: AudioFormatDescription{type: PCM, pcm: FLOAT_32_BIT, encoding: }], device: speaker, sibling device: , handle: 0xb400007677d599d0, device extras: [source: SYS_RESERVED_INVALID, voice call: false, st aec: false, hac: false, sr: 48000, ch: AudioChannelLayout{layoutMask: 3}, f: AudioFormatDescription{type: PCM, pcm: FLOAT_32_BIT, encoding: }, hifi: 0], config id: [u: 400001, d:100001], priority: 0000]
10-24 17:41:03.289  1380 17461 I AHal::Router: InvalidateLocked: ============ apply graph #25557 [Fri Oct 24 17:41:03 2025] start ============
10-24 17:41:03.289  1380 17461 I AHal::Waves: UpdateActiveDevices: removing speaker-safe
10-24 17:41:03.289  1380 17461 I AHal::DeviceInterface: Disconnect: disconnect primary-playback-0 -> speaker-safe
10-24 17:41:03.291  1662  1662 D AOC     : F1:MSG: controller.cc, 275: AudioOutCtrl: cmd ID: 0x010f, tag: 0xbf [cntr = 81499]
10-24 17:41:03.291  1662  1662 D AOC     : F1:Unregistered Source 1 [Primary] from Sink 0 [Speaker]
10-24 17:41:03.291  1662  1662 D AOC     : F1:AT Map:0 (LL:0), 0 EPs active, Power: Yes, Config: No
10-24 17:41:03.291  1662  1662 D AOC     : F1:Mixer 0 configuration changed: (0)
10-24 17:41:03.291  1662  1662 D AOC     : F1:Sink 0 Configuration changed: ULL (disabled)
10-24 17:41:03.291  1662  1662 D AOC     : F1:[SPKR] protection library mips: 0
10-24 17:41:03.291  1787  2545 I serviceDiscovery: [MdnsSocketProvider] Start monitoring sockets.
10-24 17:41:03.291  1662  1662 D AOC     : F1:[Idle Tracker] long no idle:[0] average between idle:[0.407873ms] max no idle:[67.969775ms]
10-24 17:41:03.292  1662  1662 D AOC     : F1:MSG: controller.cc, 919: AudioOutCtrl: ipc: audio_output_co, cmd ID: 0x010f, tag: 0xbf, rc: 0
10-24 17:41:03.292  1662  1662 D AOC     : H0:Mixer AMixSPKR: 480 samples (0000/0000) (OFF SC) multi out OFF
10-24 17:41:03.292  1662  1662 D AOC     : H0:Mixer configuration updated
10-24 17:41:03.293  1662  1662 D AOC     : H0:[Idle Tracker] long no idle:[27] average between idle:[4.005711ms] max no idle:[239.942416ms]
10-24 17:41:03.293  1787  2545 I TetheringManager: registerTetheringEventCallback caller:android
10-24 17:41:03.295  1439  1439 D WifiHAL : Setting DTIM config , halHandle = 0xb4000078119ff1d0 Multiplier = 1
10-24 17:41:03.295  1439  1439 I WifiHAL : Successfully configured dtim multiplier 1
10-24 17:41:03.295  1787  2545 I serviceDiscovery: [MdnsAdvertiser] Adding service name: I0VFR0r8n14AAA, type: _FC9F5ED42C8A._tcp, subtypes: , hostAddresses: , hostname: null, port: 53601, network: null, expirationTime: null, txtRecord: {f=5180, n=Mk2T9p5TTileTnrz-5sGC2Y, IPv4=192.168.1.112} with ID 6320 and subtypes {} advertisingOptions MdnsAdvertisingOptions{ }
10-24 17:41:03.297  1787  2542 D ConnectivityService: NetReassign [no changes] [c 0] [a 1] [i 3]
10-24 17:41:03.313  1380 17461 I AHal::AudioRoutePathController: ResetPath: primary-playback-0 -> speaker-safe: true
10-24 17:41:03.313  1380 17461 I AHal::AudioRoutePathController: ResetPath: speaker-safe: true
10-24 17:41:03.313  1380 17461 I AHal::Speaker: Disable: speaker-safe
10-24 17:41:03.313  1380 17461 I AHal::AudioRoutePathController: ResetPath: hostless-ulC spk-vi: true
10-24 17:41:03.313  1380 17461 I AHal::TinyalsaDriverOperations: Stop: pcm_close card_index 0 device 15
10-24 17:41:03.314  1380 17461 I AHal::AdaptedRouteControl: Update: update route from adapted-speaker-safe to null
10-24 17:41:03.314  1380 17461 I AHal::AudioRoutePathController: ResetPath: adapted-speaker-safe: true
10-24 17:41:03.314  1380 17461 I AHal::Router: LogTransferring: Transferring (2):
10-24 17:41:03.314  1380  2046 I AHal::Tas25xxCodec: amp is turned off, skip to provide health data
10-24 17:41:03.314  1380 17461 I AHal::Router: LogTransferring:   primary-playback-0 -> speaker-safe => (null)
10-24 17:41:03.314  1380 17461 I AHal::Router: LogTransferring:   (null) => primary-playback-0 -> speaker
10-24 17:41:03.314  1380 17461 I AHal::Router: Configure: config device primary-playback-0 -> speaker
10-24 17:41:03.314  1380 17461 I AHal::Router: UpdateDeviceInterfaceSettings: commit device-speaker
10-24 17:41:03.314  1380 17461 I AHal::PlaybackThermalThrottleByTemperature: Update Temperature: kOnce to kIdle
10-24 17:41:03.314  1380 17461 I AHal::VoiceCall: Update: set echo reference on speaker for primary-playback
10-24 17:41:03.314  1380 17461 I AHal::Speaker: Enable: speaker
10-24 17:41:03.314  1380 17461 D audio_route: Apply path: hostless-ulC spk-vi
10-24 17:41:03.314  1380 17461 I AHal::AudioRoutePathController: ApplyPath: hostless-ulC spk-vi: true
10-24 17:41:03.314  1380 17461 D AHal::TinyalsaDriverOperations: OpenAndPrepareLocked: open pcmC0D15c with [channel: 2, rate: 48000, period_size: 480, period_count: 2, format: 0, start_threshold: 0, stop_threshold: 24000, silence_threshold: 0, silence_size: 0, avail_min: 0]
10-24 17:41:03.327  1380 17461 I AHal::AdaptedRouteControl: Update: update route from null to adapted-speaker
10-24 17:41:03.327  1380 17461 D audio_route: Apply path: adapted-speaker
10-24 17:41:03.327  1380 17461 I AHal::AudioRoutePathController: ApplyPath: adapted-speaker: true
10-24 17:41:03.328  1380 17461 I AHal::Tas25xxCodec: SetDriverOpMode: mode is 3
10-24 17:41:03.328  1380 17461 D AHal::Tas25xxCodec: SetDriverOpMode: success
10-24 17:41:03.328  1380 17461 I AHal::Tas25xxCodec: TurnOnSpeakerProtection
10-24 17:41:03.328  1380 17461 I AHal::Tas25xxCodec: SetLibraryMode: mode is 2
10-24 17:41:03.328  1662  1662 D AOC     : F1:MSG: controller.cc, 275: AudioOutCtrl: cmd ID: 0x00d2, tag: 0xd7 [cntr = 81500]
10-24 17:41:03.329  1439  1439 E WifiHAL : Setting APF program, halHandle = 0xb4000078119ff1d0
10-24 17:41:03.329  1439  1439 E WifiHAL : Set apf filter for iface = wlan0
10-24 17:41:03.329  1439  1439 I WifiHAL : createRequest: APF set program request
10-24 17:41:03.329  1439  1439 I WifiHAL : mProgramLen : 1786
10-24 17:41:03.329  1662  1662 D AOC     : F1:Prot: paramID = 20010f0e, index = 3854, size = 4, ch = 2
10-24 17:41:03.329  1380 17461 D audio_route: Apply path: speaker
10-24 17:41:03.329  1662  1662 D AOC     : F1:Prot: op mode value: 3
10-24 17:41:03.329  1380 17461 I AHal::AudioRoutePathController: ApplyPath: speaker: true
10-24 17:41:03.329  1380 17461 D audio_route: Apply path: primary-playback-0 -> speaker
10-24 17:41:03.329  1662  1662 D AOC     : F1:MSG: controller.cc, 919: AudioOutCtrl: ipc: audio_output_tu, cmd ID: 0x00d2, tag: 0xa8, rc: 0
10-24 17:41:03.330  1662  1662 D AOC     : F1:MSG: controller.cc, 275: AudioOutCtrl: cmd ID: 0x00d1, tag: 0xd8 [cntr = 81501]
10-24 17:41:03.330  1662  1662 D AOC     : F1:Prot: set library_mode_: 2, algo_enabled_: 1
10-24 17:41:03.330  1662  1662 D AOC     : F1:MSG: controller.cc, 919: AudioOutCtrl: ipc: audio_output_tu, cmd ID: 0x00d1, tag: 0xa9, rc: 0
10-24 17:41:03.331  1662  1662 D AOC     : F1:MSG: controller.cc, 275: AudioOutCtrl: cmd ID: 0x010f, tag: 0xc0 [cntr = 81502]
10-24 17:41:03.331  1662  1662 D AOC     : F1:Source 1 [Primary] mastered by sink 0 [Speaker]
10-24 17:41:03.331  1662  1662 D AOC     : F1:AT Map:2 (LL:0), 1 EPs active, Power: Yes, Config: No
10-24 17:41:03.332  1662  1662 D AOC     : F1:Mixer 0 configuration changed: (2)
10-24 17:41:03.332  1662  1662 D AOC     : F1:Sink 0 Configuration changed: ULL (enabled)
10-24 17:41:03.332  1662  1662 D AOC     : F1:AHWSinkSPKR started: 48 samples (32-bit,2 ch,48 kHz) block 384 ts_en 0
10-24 17:41:03.332  1662  1662 D AOC     : F1:[SPKR] protection library mips: 160
10-24 17:41:03.332  1662  1662 D AOC     : F1:[AHWSinkSPKR] DL resync B: 2540, A:2540. wo: 4268, target offset: 1728 (align 44) -> ro:1728
10-24 17:41:03.333  1662  1662 D AOC     : F1:Speaker TDM Started with Clk: 6144 KHz, FS: 48 KHz, Slots: 4 (4 ch used) DMA:1+2
10-24 17:41:03.333  1662  1662 D AOC     : F1:[Idle Tracker] long no idle:[0] average between idle:[0.407873ms] max no idle:[67.969775ms]
10-24 17:41:03.333  1662  1662 D AOC     : F1:MSG: controller.cc, 919: AudioOutCtrl: ipc: audio_output_co, cmd ID: 0x010f, tag: 0xc0, rc: 0
10-24 17:41:03.333  1662  1662 D AOC     : F1:MSG: mix_creator.cc, 179: [AHWSinkSPKR] HF overrun. RP(0x80202200) not 3840 bytes behind WP(0x80202f80)
10-24 17:41:03.334  1662  1662 D AOC     : H0:Mixer AMixSPKR: 480 samples (0002/0002) (ON SC) multi out OFF
10-24 17:41:03.334  1662  1662 D AOC     : H0:	 1: 0x406319c8
10-24 17:41:03.334  1662  1662 D AOC     : H0:AMixSPKR PostProcessing Config: WAVES
10-24 17:41:03.334  1662  1662 D AOC     : H0:Mixer configuration updated
10-24 17:41:03.334  3834  3893 I SleepRollupWorker: WAKE_REJECT unlock=2025-10-06T08:13:08+11:00[Australia/Sydney] reason=SCREEN_OFF at 2025-10-06T08:13:23+11:00[Australia/Sydney] (+15s < 20s)
10-24 17:41:03.334  1662  1662 D AOC     : H0:[Idle Tracker] long no idle:[27] average between idle:[4.005712ms] max no idle:[239.942416ms]
10-24 17:41:03.335  1662  1662 D AOC     : H0:Mixer state changed
10-24 17:41:03.335  3834  3893 I SleepRollupWorker: WAKE_ACCEPT unlock=2025-10-06T08:35+11:00[Australia/Sydney] (no SCREEN_OFF in next 20s)
10-24 17:41:03.346  7640  7640 V tappx_v4.1.11: Loading ad: 
10-24 17:41:03.348  1787  2590 D BackgroundInstallControlService: Package event received: 0
10-24 17:41:03.350  2812  3249 I bt_shim_scanner: system/main/shim/le_scanning_manager.cc:149 Scan: in shim layer stopped
10-24 17:41:03.350  2812  3194 I bluetooth: system/gd/hci/le_address_manager.cc:277 unregister_client: Client unregistered
10-24 17:41:03.350  1382  1382 I bthal.activity: LogActivities: Disable LE Scanning, 0x2042
10-24 17:41:03.350  2812  3249 I bt_shim_scanner: system/main/shim/le_scanning_manager.cc:313 SetScanParameters: in shim layer, scannerId1m=3, scannerIdCoded=0
10-24 17:41:03.350  2812  3249 I bt_shim_scanner: system/main/shim/le_scanning_manager.cc:149 Scan: in shim layer started
10-24 17:41:03.350  2812  3194 I bluetooth: system/gd/hci/le_scanning_manager_impl.cc:595 stop_scan: Scanning already stopped, return!
10-24 17:41:03.350  2812  3194 I bluetooth: system/gd/hci/le_address_manager.cc:262 register_client: Client registered
10-24 17:41:03.351  1382  2167 I bthal.debug_central: Command Complete Event of LE_SET_EXTENDED_SCAN_ENABLE, opcode:2042
10-24 17:41:03.351  1382  2167 I bthal.flowcontrol: HciEventPreProcess: HCI Event 0xe Opcode 0x2042 Length 6 unhandled by LeSetExtentedScanEnableEvent
10-24 17:41:03.351  1382  1382 I bthal.activity: LogActivities: BALANCED ScanMode
10-24 17:41:03.352  1382  1382 I bthal.activity: LogActivities: Enable LE Scanning, 0x2042
10-24 17:41:03.353  1382  2167 I bthal.debug_central: Command Complete Event of LE_SET_EXTENDED_SCAN_ENABLE, opcode:2042
10-24 17:41:03.353  1382  2167 I bthal.flowcontrol: HciEventPreProcess: HCI Event 0xe Opcode 0x2042 Length 6 unhandled by LeSetExtentedScanEnableEvent
10-24 17:41:03.363  2823  3087 D ImpulseConnection: timeout happen: com.google.android.apps.turbo
10-24 17:41:03.363  2823  3087 D ImpulseConnection: unbindService for releasing a CONNECTED connection com.google.android.apps.turbo
10-24 17:41:03.372  2823  2960 D TemperatureStateSource: sequence=48200 actualDelay=10000
10-24 17:41:03.372  2823  2960 D TemperatureStateSource: Reading temperature: sequence=48201
10-24 17:41:03.372 17689 17689 I pixel-thermal: CPU_THROTTLE_SEVERE:0 raw data: CPU_THROTTLE_SEVERE:0 
10-24 17:41:03.373 17689 17689 I pixel-thermal: VIRTUAL-SKIN:33.0841 raw data: VIRTUAL-SKIN:33084.1 
10-24 17:41:03.373  2823  2960 D TemperatureStateSource: getDeviceTemperatures: sequence=48201 deviceTemperatureType=3 temperatureSource=0 temperatures=[33.08415]
10-24 17:41:03.373  2823  2960 D BusinessScope: Enqueuing the block
10-24 17:41:03.373  2823  2960 D TemperatureStateSource: sequence=48201 waitTime=10000
10-24 17:41:03.373  2823  3002 D BusinessScope: Start running the #102900 block
10-24 17:41:03.373  1380 17461 I AHal::AudioRoutePathController: ApplyPath: primary-playback-0 -> speaker: true
10-24 17:41:03.373  1380 17461 I AHal::DeviceInterface: Connect: connect primary-playback-0 -> speaker
10-24 17:41:03.373 17689 17689 I pixel-thermal: CPU_THROTTLE_SEVERE:0 raw data: CPU_THROTTLE_SEVERE:0 
10-24 17:41:03.373 17689 17689 I pixel-thermal: VIRTUAL-SKIN:33.0841 raw data: VIRTUAL-SKIN:33084.1 
10-24 17:41:03.373  1380 17461 I AHal::Waves: UpdateActiveDevices: adding speaker
10-24 17:41:03.373  1380 17461 I AHal::Waves: UpdateTuning: Wake up Waves DSP for speaker
10-24 17:41:03.373  2823  3002 I TemperatureStateSource: temperature was set
10-24 17:41:03.373  1380 17461 I AHal::Waves::CustomAction: GetData: Custom Data: {2,0,1,0,}
10-24 17:41:03.373  2823  3002 D BusinessScope: Enqueuing the block
10-24 17:41:03.373  2823  3002 D ImpulseStateSource: Notify clients: 51446
10-24 17:41:03.373  2823  3002 D BusinessScope: Finish running the #102900 block
10-24 17:41:03.374  2823  3002 D BusinessScope: Start running the #102901 block
10-24 17:41:03.374  2823  3002 D ImpulseConnection: bindService: com.google.android.apps.turbo
10-24 17:41:03.374  1787  2590 D BackgroundInstallControlService: Package event received: 0
10-24 17:41:03.375  1787  2590 D BackgroundInstallControlService: Package event received: 0
10-24 17:41:03.378  2823  2823 D ImpulseConnection: onServiceConnected: ComponentInfo{com.google.android.apps.turbo/com.google.android.apps.turbo.adaptiveplatform.impulse.ImpulseClientService} service is null false
10-24 17:41:03.379  2823  3087 D BusinessScope: Finish running the #102901 block
10-24 17:41:03.379  1662  1662 D AOC     : F1:MSG: controller.cc, 275: AudioOutCtrl: cmd ID: 0x00d5, tag: 0xd9 [cntr = 81503]
10-24 17:41:03.380  1662  1662 D AOC     : H0:MSG: controller.cc, 919: AudOutCtrlH0: ipc: C-AO-H0, cmd ID: 0x00d5, tag: 0xa1, rc: 0
10-24 17:41:03.380  1380 17461 I AHal::AocPlaybackTuningAdapter: WriteReadTuningBuffer: updated tuning with size 12724
10-24 17:41:03.380  1662  1662 D AOC     : F1:MSG: controller.cc, 919: AudioOutCtrl: ipc: audio_output_tu, cmd ID: 0x00d5, tag: 0xa1, rc: 0
10-24 17:41:03.381  1380 17461 D AHal::Waves: UpdateTuning: update Device: speaker, InstanceId: 1, IsInitialize: false, NeedToUpdate: true, Parameters{is_bypass:false, MaxVolume: 1, ScreenOrientation: 0}, is_any_active_track_on_sink: false
10-24 17:41:03.381  1380 17461 I AHal::Router: InvalidateLocked: ============ apply graph #25557 end ============
10-24 17:41:03.381  1380 17461 I ASvc::PeriodicWorker: SetLinkedConfigIds: update linked configs [100001]
10-24 17:41:03.381  1380 17461 D BTAudioSessionAidl: UpdateSourceMetadata - SessionType=LE_AUDIO_HARDWARE_OFFLOAD_ENCODING_DATAPATH has NO session
10-24 17:41:03.381  1380 17461 D BTAudioSessionAidl: UpdateSinkMetadata - SessionType=LE_AUDIO_HARDWARE_OFFLOAD_DECODING_DATAPATH has NO session
10-24 17:41:03.381  1380  1380 I ASvc::StreamOut: getRecommendedLatencyModes: modes = [FREE]
10-24 17:41:03.384  1380  1380 I StHal::SoundTriggerHal: ProcessStreamMetadata: active usage tracks: 0
10-24 17:41:03.384  1380  1380 D BTAudioSessionAidl: UpdateSourceMetadata - SessionType=LE_AUDIO_HARDWARE_OFFLOAD_ENCODING_DATAPATH has NO session
10-24 17:41:03.384  1380  1380 D BTAudioSessionAidl: GetSupportedLatencyModes - SessionType=LE_AUDIO_HARDWARE_OFFLOAD_ENCODING_DATAPATH has NO session
10-24 17:41:03.384  1380  1380 D BTAudioSessionAidl: SetLatencyMode - SessionType=LE_AUDIO_HARDWARE_OFFLOAD_ENCODING_DATAPATH has NO session
10-24 17:41:03.385  1380  1380 D BTAudioSessionAidl: GetSupportedLatencyModes - SessionType=A2DP_HARDWARE_OFFLOAD_ENCODING_DATAPATH has NO session
10-24 17:41:03.385  1380  1380 D BTAudioSessionAidl: SetLatencyMode - SessionType=A2DP_HARDWARE_OFFLOAD_ENCODING_DATAPATH has NO session
10-24 17:41:03.386  1787  3177 W AS.PlaybackActivityMon: No piid assigned for invalid/internal port id 14503
10-24 17:41:03.387  1380  1380 D AHal::UseCase: SetActiveTracks: update primary-playback active tracks(1)
10-24 17:41:03.387  1380  1380 I AHal::Waves: UpdateUseCasesState: set active max volume 0.0362078
10-24 17:41:03.387  1380  1380 I AHal::Waves::CustomAction: GetData: Custom Data: {2,0,1,0,}
10-24 17:41:03.389  1380  1380 I AHal::AocPlaybackTuningAdapter: WriteReadTuningBuffer: updated tuning with size 872
10-24 17:41:03.389  1380  1380 D AHal::Waves: UpdateTuning: update Device: speaker, InstanceId: 1, IsInitialize: true, NeedToUpdate: true, Parameters{is_bypass:false, MaxVolume: 0.0362078, ScreenOrientation: 0}, is_any_active_track_on_sink: true
10-24 17:41:03.389  1380  1380 I StHal::SoundTriggerHal: ProcessStreamMetadata: active usage tracks: 0
10-24 17:41:03.389  1662  1662 D AOC     : F1:MSG: controller.cc, 275: AudioOutCtrl: cmd ID: 0x00d5, tag: 0xda [cntr = 81504]
10-24 17:41:03.389  1380  1380 D BTAudioSessionAidl: UpdateSourceMetadata - SessionType=LE_AUDIO_HARDWARE_OFFLOAD_ENCODING_DATAPATH has NO session
10-24 17:41:03.389  1380  1380 D BTAudioSessionAidl: GetSupportedLatencyModes - SessionType=LE_AUDIO_HARDWARE_OFFLOAD_ENCODING_DATAPATH has NO session
10-24 17:41:03.389  1380  1380 D BTAudioSessionAidl: SetLatencyMode - SessionType=LE_AUDIO_HARDWARE_OFFLOAD_ENCODING_DATAPATH has NO session
10-24 17:41:03.389  1380  1380 D BTAudioSessionAidl: GetSupportedLatencyModes - SessionType=A2DP_HARDWARE_OFFLOAD_ENCODING_DATAPATH has NO session
10-24 17:41:03.389  1380  1380 D BTAudioSessionAidl: SetLatencyMode - SessionType=A2DP_HARDWARE_OFFLOAD_ENCODING_DATAPATH has NO session
10-24 17:41:03.389  1662  1662 D AOC     : H0:MSG: controller.cc, 919: AudOutCtrlH0: ipc: C-AO-H0, cmd ID: 0x00d5, tag: 0xa2, rc: 0
10-24 17:41:03.389  1662  1662 D AOC     : F1:MSG: controller.cc, 919: AudioOutCtrl: ipc: audio_output_tu, cmd ID: 0x00d5, tag: 0xa2, rc: 0
10-24 17:41:03.439  8384  8388 W roid.apps.turbo: Reducing the number of considered missed Gc histogram windows from 107 to 100
10-24 17:41:03.444  3834  3893 I SleepRollupWorker: SLEEP_ACCEPT at=2025-10-06T03:05:54+11:00[Australia/Sydney] type=SCREEN_OFF (60m quiet)
10-24 17:41:03.449  3834  3893 I SleepRollupWorker: Sleep 2025-10-06 -> sleep=03:05:54 wake=08:35:00 hours=5.48 quality=OK
10-24 17:41:03.459  1787 13653 W BroadcastQueue: Ignoring finishReceiverLocked; no active broadcast for BroadcastProcessQueue{5e7d4a1 21270:com.lemon.lvoverseas/u0a316}
10-24 17:41:03.469  2641  2675 V ShellStartingWindow: RSO:Receive removal info for task=15552
10-24 17:41:03.473  1380  1380 D AHal::UseCase: SetActiveTracks: update primary-playback active tracks(0)
10-24 17:41:03.474  1380  1380 I AHal::Waves::CustomAction: GetData: Custom Data: {2,0,1,0,}
10-24 17:41:03.474  1380  1380 D AHal::ThirdPartyEffectAmcs: UpdateAMCSData: update volume index[0] duration 86 ms.
10-24 17:41:03.474  1380  1380 I AHal::Waves: UpdateTuning: update amcs instance id = Speaker, active_ms_in_vol_range = {86,0,0,0,0,0,0,0,0,0}
10-24 17:41:03.476  1380  1380 D AHal::Waves: UpdateTuning: update Device: speaker, InstanceId: 1, IsInitialize: true, NeedToUpdate: true, Parameters{is_bypass:false, MaxVolume: 0.0362078, ScreenOrientation: 0}, is_any_active_track_on_sink: false
10-24 17:41:03.476  1380  1380 I StHal::SoundTriggerHal: ProcessStreamMetadata: active usage tracks: 0
10-24 17:41:03.476  1380  1380 D BTAudioSessionAidl: UpdateSourceMetadata - SessionType=LE_AUDIO_HARDWARE_OFFLOAD_ENCODING_DATAPATH has NO session
10-24 17:41:03.476  1380  1380 D BTAudioSessionAidl: GetSupportedLatencyModes - SessionType=LE_AUDIO_HARDWARE_OFFLOAD_ENCODING_DATAPATH has NO session
10-24 17:41:03.476  1380  1380 D BTAudioSessionAidl: SetLatencyMode - SessionType=LE_AUDIO_HARDWARE_OFFLOAD_ENCODING_DATAPATH has NO session
10-24 17:41:03.476  1380  1380 D BTAudioSessionAidl: GetSupportedLatencyModes - SessionType=A2DP_HARDWARE_OFFLOAD_ENCODING_DATAPATH has NO session
10-24 17:41:03.476  1380  1380 D BTAudioSessionAidl: SetLatencyMode - SessionType=A2DP_HARDWARE_OFFLOAD_ENCODING_DATAPATH has NO session
10-24 17:41:03.493  3834  3893 I SleepRollupWorker: WAKE_ACCEPT unlock=2025-10-07T08:29:08+11:00[Australia/Sydney] (no SCREEN_OFF in next 20s)
10-24 17:41:03.493  1662  1662 D AOC     : A3:MSG: lsm6dsv_device.cc, 732: USF: Lsm6dsvDevice: Sensor 3: Enabled 0, odr_index 0, period_ns 0.
10-24 17:41:03.493  1662  1662 D AOC     : A3:MSG: lsm6dsv_fifo.cc, 755: USF: Lsm6dsvFifo: ODR: XL/G/T/TS: 120/120/15/15 WM: 2 Intr: 120.
10-24 17:41:03.494  1662  1662 D AOC     : A3:MSG: lsm6dsv_device.cc, 641: USF: Lsm6dsvDevice: Fifo was disabled for 498129ns.
10-24 17:41:03.496  1662  1662 D AOC     : A3:MSG: usf_sensor.cc, 1784: USF: Received start sampling request for LSM6DSV Accelerometer (active:7).
10-24 17:41:03.497  1390  1412 I CHRE    : @ 573950.719: [AR] IDLE => ON
10-24 17:41:03.507  7640  7640 D ImeBackDispatcher: switch root view (mImeCallbacks.size=0)
10-24 17:41:03.509  1787  2363 I ImeTracker: com.textra:983f6757: onRequestHide at ORIGIN_SERVER reason HIDE_UNSPECIFIED_WINDOW fromUser false
10-24 17:41:03.509  7640  7640 D InsetsController: hide(ime())
10-24 17:41:03.509  7640  7640 I ImeTracker: com.textra:983f6757: onCancelled at PHASE_CLIENT_ALREADY_HIDDEN
10-24 17:41:03.509 27211 27211 D ImeBackDispatcher: Clear (mImeCallbacks.size=0)
10-24 17:41:03.509 27211 27211 D ImeBackDispatcher: switch root view (mImeCallbacks.size=0)
10-24 17:41:03.510 26656 26656 I GoogleInputMethodService: GoogleInputMethodService.onFinishInput():2086 
10-24 17:41:03.510 26656 26656 I Module  : DeviceLockedStatusModuleProvider$Module.updateDeviceLockedStatus():103 repeatCheckTimes = 0, locked = false
10-24 17:41:03.510 26656 26656 I GoogleInputMethodService: GoogleInputMethodService.onStartInput():1347 onStartInput(EditorInfo{EditorInfo{packageName=com.textra, inputType=0, inputTypeString=NULL, enableLearning=false, autoCorrection=false, autoComplete=false, imeOptions=0, privateImeOptions=null, actionName=UNSPECIFIED, actionLabel=null, initialSelStart=-1, initialSelEnd=-1, initialCapsMode=0, label=null, fieldId=0, fieldName=null, extras=null, hintText=null, hintLocales=[]}}, false)
10-24 17:41:03.511 26656 26656 I Module  : DeviceLockedStatusModuleProvider$Module.updateDeviceLockedStatus():103 repeatCheckTimes = 1, locked = false
10-24 17:41:03.511  1787 13653 W PackageConfigPersister: App-specific configuration not found for packageName: com.textra and userId: 0
10-24 17:41:03.511  1787 14250 I ImeTracker: system_server:c9476997: onRequestHide at ORIGIN_SERVER reason IME_REQUESTED_CHANGED_LISTENER fromUser false
10-24 17:41:03.512  1787  1882 I ImeTracker: system_server:c9476997: onCancelled at PHASE_SERVER_SHOULD_HIDE
10-24 17:41:03.602  3834  3893 I SleepRollupWorker: SLEEP_ACCEPT at=2025-10-07T01:05+11:00[Australia/Sydney] type=SCREEN_OFF (60m quiet)
10-24 17:41:03.610  3834  3893 I SleepRollupWorker: Sleep 2025-10-07 -> sleep=01:05:00 wake=08:29:08 hours=7.40 quality=OK
10-24 17:41:03.613  2922  3493 D PixelDisplayManager: ZonalAttCompensationManager : 
10-24 17:41:03.613  2922  3493 D PixelDisplayManager:          mDisplayUniqueId : local:4619827612623940864
10-24 17:41:03.613  2922  3493 D PixelDisplayManager:          mDisplayIdIndex : 0
10-24 17:41:03.613  2922  3493 D PixelDisplayManager:          mCompensationConditionIndex : 0
10-24 17:41:03.613  2922  3493 D PixelDisplayManager:          zonalThresholdLevel : 4
10-24 17:41:03.613  2922  3493 D PixelDisplayManager:          shadowThresholdLevel : -1
10-24 17:41:03.613  2922  3493 D PixelDisplayManager:          mScreenOprDataArrayList : [0.5607169]
10-24 17:41:03.613  2922  3493 D PixelDisplayManager:          isOprRatioOn : true
10-24 17:41:03.613  2922  3493 D PixelDisplayManager:          mOprThresholds : 0.3
10-24 17:41:03.613  2922  3493 D CompensationLayout: createImage - baseImageId : 218300440, additionImageId : 0
10-24 17:41:03.658  3834  3893 I SleepRollupWorker: WAKE_ACCEPT unlock=2025-10-08T07:55:06+11:00[Australia/Sydney] (no SCREEN_OFF in next 20s)
10-24 17:41:03.673  2922  3493 E ldisplayservice: Invalid resource ID 0x00000000.
10-24 17:41:03.673  2922  3493 D CompensationLayout: createImage, isImagePresent: true, mSourceBitmap: android.graphics.Bitmap@bb2fcc8, imageRotation: 0.0, requestAnimation: false
10-24 17:41:03.770  3834  3893 I SleepRollupWorker: SLEEP_ACCEPT at=2025-10-07T23:19:42+11:00[Australia/Sydney] type=SCREEN_OFF (60m quiet)
10-24 17:41:03.779  3834  3893 I SleepRollupWorker: Sleep 2025-10-08 -> sleep=23:19:42 wake=07:55:06 hours=8.59 quality=OK
10-24 17:41:03.802  2641  2675 V WindowManagerShell: Transition animation finished (aborted=false), notifying core (#7420) android.os.BinderProxy@e832063@0
10-24 17:41:03.806  1787  1879 V WindowManager: Finish Transition (#7420): created at 10-24 17:41:03.243 collect-started=0.082ms request-sent=3.144ms started=5.205ms ready=12.063ms sent=16.909ms commit=22.745ms finished=563.071ms
10-24 17:41:03.807 27211 27211 D VRI[NexusLauncherActivity]: visibilityChanged oldVisibility=true newVisibility=false
10-24 17:41:03.807  2641  3142 D WallpaperService: onVisibilityChanged(false): com.android.systemui.wallpapers.ImageWallpaper$CanvasEngine@4224fb7
10-24 17:41:03.807  2641  2675 V WindowManagerShell: Track 0 became idle
10-24 17:41:03.807  2641  2675 V WindowManagerShell: All active transition animations finished
10-24 17:41:03.810  2873 26808 D ForegroundUtils: onUidImportance: Foreground UID status
10-24 17:41:03.810  2873 26808 D ForegroundUtils: onUidImportance: UID: 10136 is in foreground: false
10-24 17:41:03.810  2873 26808 D ForegroundUtils: onUidImportance: UID: 10152 is in foreground: false
10-24 17:41:03.810  2873 26808 D ForegroundUtils: onUidImportance: UID: 10155 is in foreground: true
10-24 17:41:03.810  2873 26808 D ForegroundUtils: onUidImportance: UID: 10156 is in foreground: false
10-24 17:41:03.810  2873 26808 D ForegroundUtils: onUidImportance: UID: 10177 is in foreground: false
10-24 17:41:03.810  2873 26808 D ForegroundUtils: onUidImportance: UID: 10179 is in foreground: false
10-24 17:41:03.810  2873 26808 D ForegroundUtils: onUidImportance: UID: 10210 is in foreground: false
10-24 17:41:03.810  2873 26808 D ForegroundUtils: onUidImportance: UID: 10227 is in foreground: false
10-24 17:41:03.810  2873 26808 D ForegroundUtils: onUidImportance: UID: 10232 is in foreground: true
10-24 17:41:03.810  2873 26808 D ForegroundUtils: onUidImportance: UID: 10237 is in foreground: true
10-24 17:41:03.810  2873 26808 D ForegroundUtils: onUidImportance: UID: 10279 is in foreground: true
10-24 17:41:03.810  2873 26808 D ForegroundUtils: onUidImportance: UID: 10281 is in foreground: false
10-24 17:41:03.810  2873 26808 D ForegroundUtils: onUidImportance: UID: 10286 is in foreground: false
10-24 17:41:03.810  2873 26808 D ForegroundUtils: onUidImportance: UID: 10312 is in foreground: false
10-24 17:41:03.810  2873 26808 D ForegroundUtils: onUidImportance: UID: 10332 is in foreground: false
10-24 17:41:03.810  2873 26808 D ForegroundUtils: onUidImportance: UID: 10347 is in foreground: true
10-24 17:41:03.810  2873 26808 D ForegroundUtils: onUidImportance: UID: 10421 is in foreground: false
10-24 17:41:03.816 27211 27211 D NexusLauncherModelDelegate: notifySmartspaceEvent: SmartspaceTargetEvent{mSmartspaceTarget=null, mSmartspaceActionId='null', mEventType=7}
10-24 17:41:03.817  4156  4874 I AiAiEcho: (REDACTED) %s No tracked ambient data found for ID: %s; for event type: %d, skipping event processing.
10-24 17:41:03.817  2641  2675 D Bubbles : onLocusVisibilityChanged=Overview|DISABLED visible=false taskId=1
10-24 17:41:03.823  3834  3893 I SleepRollupWorker: WAKE_ACCEPT unlock=2025-10-09T07:00:09+11:00[Australia/Sydney] (no SCREEN_OFF in next 20s)
10-24 17:41:03.823 27211 27211 D BaseActivity: Launcher flags updated: [] -[state_started]
10-24 17:41:03.823 27211 27211 D BaseDepthController: setSurface:
10-24 17:41:03.823 27211 27211 D BaseDepthController: 	mWaitingOnSurfaceValidity: false
10-24 17:41:03.823 27211 27211 D BaseDepthController: 	mBaseSurface: null
10-24 17:41:03.824 27211 27211 D BaseDepthController: mSurface is null and mCurrentBlur is: 0
10-24 17:41:03.824 27211 27211 D StateManager: goToState - fromState: Normal, toState: Normal, partial trace:
10-24 17:41:03.824 27211 27211 D StateManager: 	at com.android.launcher3.statemanager.StateManager.moveToRestState(go/retraceme 936c194e190d468ad7948c6bfd99e50e644ffb8c9a8622547ab992d0c5c0590d:4)
10-24 17:41:03.824 27211 27211 D StateManager: 	at com.android.launcher3.statemanager.StateManager.moveToRestState(go/retraceme 936c194e190d468ad7948c6bfd99e50e644ffb8c9a8622547ab992d0c5c0590d:1)
10-24 17:41:03.824 27211 27211 D StateManager: 	at com.android.launcher3.statemanager.StatefulActivity.onStop(go/retraceme 936c194e190d468ad7948c6bfd99e50e644ffb8c9a8622547ab992d0c5c0590d:34)
10-24 17:41:03.824 27211 27211 D StateManager: onRepeatStateSetAborted - state: Normal
10-24 17:41:03.824 27211 27211 D StatsLog: LAUNCHER_ONSTOP
10-24 17:41:03.825 27211 27211 D StatsLog: LAUNCHER_GOOGLE_SEARCH_RESTORE_LIST_SIZE_AFTER_ACTIVITY_RESTART
10-24 17:41:03.825 27211 27264 D GmsPlayProvider: Forcefully shut down the binder channel
10-24 17:41:03.833  1787  2590 D BackgroundInstallControlService: Package event received: 0
10-24 17:41:03.932  3834  3893 I SleepRollupWorker: SLEEP_ACCEPT at=2025-10-08T23:21:25+11:00[Australia/Sydney] type=SCREEN_OFF (60m quiet)
10-24 17:41:03.939  3834  3893 I SleepRollupWorker: Sleep 2025-10-09 -> sleep=23:21:25 wake=07:00:09 hours=7.65 quality=OK
10-24 17:41:03.983  3834  3893 I SleepRollupWorker: WAKE_NONE date=2025-10-10 reason=No UNLOCK that survives 20s
10-24 17:41:03.992  3834  3893 I SleepRollupWorker: Sleep 2025-10-10 -> sleep=- wake=- hours=0.00 quality=NO_MORNING_WAKE
10-24 17:41:04.048  3834  3893 I SleepRollupWorker: WAKE_ACCEPT unlock=2025-10-11T19:26:49+11:00[Australia/Sydney] (no SCREEN_OFF in next 20s)
10-24 17:41:04.112  3834  3893 I SleepRollupWorker: SLEEP_NONE date=2025-10-11 reason=No candidates in window
10-24 17:41:04.120  3834  3893 I SleepRollupWorker: Sleep 2025-10-11 -> sleep=- wake=19:26:49 hours=0.00 quality=NO_SLEEP_CANDIDATE
10-24 17:41:04.130  1787  2545 I serviceDiscovery: [MdnsAdvertiser.wlan0] Probing finished for service 6320
10-24 17:41:04.130  1787  2590 D BackgroundInstallControlService: Package event received: 0
10-24 17:41:04.133  1787  2590 D BackgroundInstallControlService: Package event received: 0
10-24 17:41:04.133  1787  2590 D BackgroundInstallControlService: Package event received: 0
10-24 17:41:04.138   476   529 I NearbyMediums: WIFI_LAN registered service name:I0VFR0r8n14AAA type:null at ip:null port:0
10-24 17:41:04.139   476  2761 I NearbyMediums: Successfully advertised I0VFR0r8n14AAA on serviceID NearbySharing over Wifi LAN.
10-24 17:41:04.141   476  2761 I NearbyMediums: [WifiNetworkV2] WifiStatusChangedCallback registered for NearbySharing (wifiStatusChangedCallbacks.size:1)
10-24 17:41:04.142   476  2761 I NearbyConnections: Get local endpoint id from the existing localEndpointId:EEGJ (last:HUEZ) for client 36229046(0p:com.google.android.gms.nearby.sharing)
10-24 17:41:04.142   476  2761 I NearbyMediums: Started BLE scanning, service-id=NearbyConnections.TxAdvertisement, is-extended-advert=true, power-level=2, scan-mode=3
10-24 17:41:04.143   476  2761 I NearbyConnections: [InstantConnectionPcpMgr] In invalidateTxAdvertisementScanning(by final_updateAdvertising) tx advertisement scanning successfully started for enpointId:EEGJ serviceId:NearbySharing isScreenUnlocked:true powerLevel:BALANCED
10-24 17:41:04.143   476  2761 I NearbySharing: [broadcast provider] advertising options updated (BroadcastProviderOptions(powerLevel=2, flowId=704255690991560042, uwbSenderInfo=[], deviceType=1, advertisingMediums=[8, 3, 6, 5, 4], upgradeMediums=[11, 5, 8, 6, 3, 9, 10, 2, 4, 7], useStableIdentifiers=false, allowBluetoothRadioToggling=false, allowWifiRadioToggling=false, enableBleL2capListening=false, allowGattConnections=false, enableFastAdvertisement=true)).
10-24 17:41:04.144   476  2761 I NearbySharing: NearbySharing Internal event ReceiveManagerUpdate(mode=2, isEveryoneMode=false, dataUsage=2, useQrCode=false, success=true)
10-24 17:41:04.145   476  3970 I NearbySharing: [ClearcutLog] ADVERTISE_DEVICE_PRESENCE_START sessionId=0 flowId=704255690991560042 sessionStatus: 1, visibility: 1
10-24 17:41:04.170  3834  3893 I SleepRollupWorker: WAKE_ACCEPT unlock=2025-10-12T09:14:39+11:00[Australia/Sydney] (no SCREEN_OFF in next 20s)
10-24 17:41:04.206 17689 17699 I pixel-thermal: usb_pwr_therm:30.125 raw data: usb_pwr_therm:30125 
10-24 17:41:04.207 17689 17699 I pixel-thermal: VIRTUAL-USB-UI:0 raw data: USB-MINUS-CHARGER:-5587 VIRTUAL-USB-UI:0 charging_therm:35712 usb_pwr_therm:30125 
10-24 17:41:04.207 17689 17699 I pixel-thermal: VIRTUAL-USB-THROTTLING:0 raw data: USB-MINUS-CHARGER:-5587 VIRTUAL-USB-THROTTLING:0 usb_pwr_therm:30125 
10-24 17:41:04.223 17689 17699 I pixel-thermal: VIRTUAL-SKIN-MODEL: model_input: [34599.00 35356.00 35712.00 30125.00 30036.00 30414.00 34978.00 35668.00 ]
10-24 17:41:04.223 17689 17699 I native  : I0000 00:00:1761288064.223638   17699 thermal_tflite_wrapper.cc:261] ThermalTfliteInvoke
10-24 17:41:04.223 17689 17699 I pixel-thermal: VIRTUAL-SKIN-MODEL: model_output: [33113 ]
10-24 17:41:04.224 17689 17699 I pixel-thermal: VIRTUAL-SKIN-MODEL: predicted_value: [33113 ]
10-24 17:41:04.224 17689 17699 I pixel-thermal: VIRTUAL-SKIN-CPU-MID:33.0957 raw data: VIRTUAL-SKIN:33095.7 VIRTUAL-SKIN-CPU-MID:33095.7 VIRTUAL-SKIN-LEGACY:32938.1 VIRTUAL-SKIN-LEGACY-MODEL-DIFF:-174.887 VIRTUAL-SKIN-LEGACY-SHUTDOWN:0 VIRTUAL-SKIN-MODEL:33113 VIRTUAL-SKIN-MODEL-CLAMPED:33113 VIRTUAL-SKIN-MODEL-LEGACY-DIFF:174.887 VIRTUAL-SKIN-MODEL-UPDATED:33095.7 VIRTUAL-SKIN-MODEL-UPPER-CLAMPED:33113 VIRTUAL-SKIN-SUB-0:32054.6 VIRTUAL-SKIN-SUB-1:31957.7 VIRTUAL-SKIN-SUB-2:32759.1 VIRTUAL-SKIN-SUB-3:32938.1 VIRTUAL-SKIN-SUB-4:31560.2 VT_LEGACY_WEIGHT:0 VT_MODEL_WEIGHT:1 battery:31100 btmspkr_therm:30036 charging_therm:35712 disp_therm:30414 north_therm:34978 quiet_therm:35356 rfpa_therm:34599 soc_therm:35668 usb_pwr_therm:30125 
10-24 17:41:04.224 17689 17699 I pixel-thermal: VIRTUAL-SKIN-SOC:33.0957 raw data: VIRTUAL-SKIN:33095.7 VIRTUAL-SKIN-SOC:33095.7 
10-24 17:41:04.224 17689 17699 I pixel-thermal: VIRTUAL-SKIN-DISPLAY:33.0957 raw data: VIRTUAL-SKIN:33095.7 VIRTUAL-SKIN-DISPLAY:33095.7 
10-24 17:41:04.225 17689 17699 I pixel-thermal: CPU_THROTTLE_SEVERE:0 raw data: CPU_THROTTLE_SEVERE:0 
10-24 17:41:04.225 17689 17699 I pixel-thermal: VIRTUAL-SKIN:33.0957 raw data: VIRTUAL-SKIN:33095.7 
10-24 17:41:04.225 17689 17699 I pixel-thermal: VIRTUAL-SKIN-HINT:33.0957 raw data: VIRTUAL-SKIN:33095.7 VIRTUAL-SKIN-HINT:33095.7 
10-24 17:41:04.225 17689 17699 I pixel-thermal: VIRTUAL-SKIN-CPU-LIGHT-ODPM:33.0957 raw data: VIRTUAL-SKIN:33095.7 VIRTUAL-SKIN-CPU-LIGHT-ODPM:33095.7 
10-24 17:41:04.225 17689 17699 I pixel-thermal: VIRTUAL-SKIN-CPU-ODPM:33.0957 raw data: VIRTUAL-SKIN:33095.7 VIRTUAL-SKIN-CPU-ODPM:33095.7 
10-24 17:41:04.225 17689 17699 I pixel-thermal: VIRTUAL-SKIN-ODPM-MODEL: model_input: [34599.00 35356.00 35712.00 30125.00 30036.00 30414.00 34978.00 35668.00 31100.00 446.06 2.65 173.24 765.60 43.13 27.32 ]
10-24 17:41:04.225 17689 17699 I native  : I0000 00:00:1761288064.225531   17699 thermal_tflite_wrapper.cc:261] ThermalTfliteInvoke
10-24 17:41:04.225 17689 17699 I pixel-thermal: VIRTUAL-SKIN-ODPM-MODEL: model_output: [36296.4 ]
10-24 17:41:04.225 17689 17699 I pixel-thermal: VIRTUAL-SKIN-ODPM-MODEL: predicted_value: [36296.4 ]
10-24 17:41:04.226 17689 17699 I pixel-thermal: VIRTUAL-SKIN-SPEAKER-MODEL: model_input: [31100.00 30036.00 35712.00 30414.00 34978.00 35356.00 34599.00 35668.00 30125.00 ]
10-24 17:41:04.226 17689 17699 I native  : I0000 00:00:1761288064.226160   17699 thermal_tflite_wrapper.cc:261] ThermalTfliteInvoke
10-24 17:41:04.226 17689 17699 I pixel-thermal: VIRTUAL-SKIN-SPEAKER-MODEL: model_output: [31831.4 ]
10-24 17:41:04.226 17689 17699 I pixel-thermal: VIRTUAL-SKIN-SPEAKER-MODEL: predicted_value: [31831.4 ]
10-24 17:41:04.226 17689 17699 I pixel-thermal: STATS-UPDATOR:0 raw data: EXTREME-SOC-CONDITION-CHECK:0 MAIN_SOC_POWER:768.05 MODEL_CAMERA_PWR:2.64925 MODEL_DISPLAY_PWR:173.236 MODEL_MISC_PWR:446.055 MODEL_MODEM_PWR:765.597 MODEL_RFFE_PWR:43.1289 MODEL_WLAN_BT_PWR:27.3161 NORTH_THERM-UNDER-THRESHOLD:1 NORTH_THERM-VSKIN-DIFF-DURING-NORTH_THERM-OVER-THRESHOLD:-998118 NORTH_THERM-VSKIN-DIFF-DURING-VSKIN-OVER-52:-998118 QUIET_THERM-UNDER-THRESHOLD:1 QUIET_THERM-VSKIN-DIFF-DURING-QUIET_THERM-OVER-THRESHOLD:-997740 QUIET_THERM-VSKIN-DIFF-DURING-VSKIN-OVER-52:-997740 RFPA_THERM-UNDER-THRESHOLD:1 RFPA_THERM-VSKIN-DIFF-DURING-RFPA_THERM-OVER-THRESHOLD:-998497 RFPA_THERM-VSKIN-DIFF-DURING-VSKIN-OVER-52:-998497 SOC_THERM-UNDER-THRESHOLD:1 SOC_THERM-VSKIN-DIFF-DURING-SOC_THERM-OVER-THRESHOLD:-997428 SOC_THERM-VSKIN-DIFF-DURING-VSKIN-OVER-52:-997428 STATS-UPDATOR:0 TPU_35S:0 VIRTUAL-SKIN:33095.7 VIRTUAL-SKIN-LEGACY:32938.1 VIRTUAL-SKIN-MODEL:33113 VIRTUAL-SKIN-MODEL-LEGACY-DIFF:174.887 VIRTUAL-SKIN-ODPM-MODEL:36296.4 VIRTUAL-SKIN-SPEAKER-MODEL:31831.4 VSKIN-SKIN-UNDER-52:1 battery:31100 btmspkr_therm:30036 charging_therm:35712 disp_therm:30414 north_therm:34978 quiet_therm:35356 rfpa_therm:34599 soc_therm:35668 usb_pwr_therm:30125 
10-24 17:41:04.226 17689 17699 I pixel-thermal: VIRTUAL-SKIN-CPU-HIGH:33.0957 raw data: VIRTUAL-SKIN:33095.7 VIRTUAL-SKIN-CPU-HIGH:33095.7 
10-24 17:41:04.226 17689 17699 I pixel-thermal: cellular-emergency:33.0957 raw data: VIRTUAL-SKIN:33095.7 cellular-emergency:33095.7 
10-24 17:41:04.227 21270 21279 E gcblocker: too long GC blocking: 8
10-24 17:41:04.227 21270 21279 E gcblocker: gc block end, 482743591,100
10-24 17:41:04.243  3834  3893 I SleepRollupWorker: SLEEP_NONE date=2025-10-12 reason=No candidates in window
10-24 17:41:04.252  3834  3893 I SleepRollupWorker: Sleep 2025-10-12 -> sleep=- wake=09:14:39 hours=0.00 quality=NO_SLEEP_CANDIDATE
10-24 17:41:04.303  3834  3893 I SleepRollupWorker: WAKE_ACCEPT unlock=2025-10-13T06:37:59+11:00[Australia/Sydney] (no SCREEN_OFF in next 20s)
10-24 17:41:04.424  3834  3893 I SleepRollupWorker: SLEEP_ACCEPT at=2025-10-12T21:29:51+11:00[Australia/Sydney] type=SCREEN_OFF (60m quiet)
10-24 17:41:04.434  3834  3893 I SleepRollupWorker: Sleep 2025-10-13 -> sleep=21:29:51 wake=06:37:59 hours=9.14 quality=OK
10-24 17:41:04.503  3834  3893 I SleepRollupWorker: WAKE_ACCEPT unlock=2025-10-14T06:31:32+11:00[Australia/Sydney] (no SCREEN_OFF in next 20s)
10-24 17:41:04.630  3834  3893 I SleepRollupWorker: SLEEP_ACCEPT at=2025-10-14T01:44:33+11:00[Australia/Sydney] type=SCREEN_OFF (60m quiet)
10-24 17:41:04.655  3834  3893 I SleepRollupWorker: Sleep 2025-10-14 -> sleep=01:44:33 wake=06:31:32 hours=4.78 quality=OK
10-24 17:41:04.693  7640  7640 V tappx_v4.1.11: Tappx: Load ad failed NO_FILL
10-24 17:41:04.713  3834  3893 I SleepRollupWorker: WAKE_ACCEPT unlock=2025-10-15T05:24:11+11:00[Australia/Sydney] (no SCREEN_OFF in next 20s)
10-24 17:41:04.851  3834  3893 I SleepRollupWorker: SLEEP_ACCEPT at=2025-10-14T22:35:46+11:00[Australia/Sydney] type=SCREEN_OFF (60m quiet)
10-24 17:41:04.861  3834  3893 I SleepRollupWorker: Sleep 2025-10-15 -> sleep=22:35:46 wake=05:24:11 hours=6.81 quality=OK
10-24 17:41:04.885  1662  1662 D AOC     : A3:MSG: usf_vsc_log.cc, 54: USF: [WO] Rejected by swing_time. Last detected 371 ms ago.
10-24 17:41:04.914  3834  3893 I SleepRollupWorker: WAKE_ACCEPT unlock=2025-10-16T07:30+11:00[Australia/Sydney] (no SCREEN_OFF in next 20s)
10-24 17:41:05.052  3834  3893 I SleepRollupWorker: SLEEP_ACCEPT at=2025-10-16T00:51:23+11:00[Australia/Sydney] type=SCREEN_OFF (60m quiet)
10-24 17:41:05.061  3834  3893 I SleepRollupWorker: Sleep 2025-10-16 -> sleep=00:51:23 wake=07:30:00 hours=6.64 quality=OK
